Using pre-set license
Built from '6000.0/staging' branch; Version is '6000.0.56f1 (9c7b5e468860) revision 10255198'; Using compiler version '193933523'; Build Type 'Release'
OS: 'Windows 11  (10.0.26100) 64bit Core' Language: 'en' Physical Memory: 16077 MB
BatchMode: 1, IsHumanControllingUs: 0, StartBugReporterOnCrash: 0, Is64bit: 1
Date: 2026-06-30T09:42:12Z

COMMAND LINE ARGUMENTS:
C:\Program Files\Unity\Hub\Editor\6000.0.56f1\Editor\Unity.exe
-adb2
-batchMode
-noUpm
-name
AssetImportWorker2
-projectPath
C:/Users/ingma/OneDrive - Saxion/Desktop/School/CMGT/Project New Horizons/SketchPunk/Project-New-Horizons
-logFile
Logs/AssetImportWorker2.log
-srvPort
54262
-job-worker-count
5
-background-job-worker-count
8
-gc-helper-count
1
-name
AssetImport
Successfully changed project path to: C:/Users/ingma/OneDrive - Saxion/Desktop/School/CMGT/Project New Horizons/SketchPunk/Project-New-Horizons
C:/Users/ingma/OneDrive - Saxion/Desktop/School/CMGT/Project New Horizons/SketchPunk/Project-New-Horizons
[UnityMemory] Configuration Parameters - Can be set up in boot.config
    "memorysetup-bucket-allocator-granularity=16"
    "memorysetup-bucket-allocator-bucket-count=8"
    "memorysetup-bucket-allocator-block-size=33554432"
    "memorysetup-bucket-allocator-block-count=8"
    "memorysetup-main-allocator-block-size=16777216"
    "memorysetup-thread-allocator-block-size=16777216"
    "memorysetup-gfx-main-allocator-block-size=16777216"
    "memorysetup-gfx-thread-allocator-block-size=16777216"
    "memorysetup-cache-allocator-block-size=4194304"
    "memorysetup-typetree-allocator-block-size=2097152"
    "memorysetup-profiler-bucket-allocator-granularity=16"
    "memorysetup-profiler-bucket-allocator-bucket-count=8"
    "memorysetup-profiler-bucket-allocator-block-size=33554432"
    "memorysetup-profiler-bucket-allocator-block-count=8"
    "memorysetup-profiler-allocator-block-size=16777216"
    "memorysetup-profiler-editor-allocator-block-size=1048576"
    "memorysetup-temp-allocator-size-main=16777216"
    "memorysetup-job-temp-allocator-block-size=2097152"
    "memorysetup-job-temp-allocator-block-size-background=1048576"
    "memorysetup-job-temp-allocator-reduction-small-platforms=262144"
    "memorysetup-allocator-temp-initial-block-size-main=262144"
    "memorysetup-allocator-temp-initial-block-size-worker=262144"
    "memorysetup-temp-allocator-size-background-worker=32768"
    "memorysetup-temp-allocator-size-job-worker=262144"
    "memorysetup-temp-allocator-size-preload-manager=33554432"
    "memorysetup-temp-allocator-size-nav-mesh-worker=65536"
    "memorysetup-temp-allocator-size-audio-worker=65536"
    "memorysetup-temp-allocator-size-cloud-worker=32768"
    "memorysetup-temp-allocator-size-gi-baking-worker=262144"
    "memorysetup-temp-allocator-size-gi-baking-worker=262144"
    "memorysetup-temp-allocator-size-gi-baking-worker=262144"
    "memorysetup-temp-allocator-size-gi-baking-worker=262144"
    "memorysetup-temp-allocator-size-gi-baking-worker=262144"
    "memorysetup-temp-allocator-size-gfx=262144"
Player connection [49500]  Target information:

Player connection [49500]  * "[IP] 10.5.0.2 [Port] 0 [Flags] 2 [Guid] 3765111956 [EditorId] 3765111956 [Version] 1048832 [Id] WindowsEditor(7,Laptop-Ingmar) [Debug] 1 [PackageName] WindowsEditor [ProjectName] Editor" 

Player connection [49500]  * "[IP] 10.100.0.2 [Port] 0 [Flags] 2 [Guid] 3765111956 [EditorId] 3765111956 [Version] 1048832 [Id] WindowsEditor(7,Laptop-Ingmar) [Debug] 1 [PackageName] WindowsEditor [ProjectName] Editor" 

Player connection [49500]  * "[IP] 145.76.84.100 [Port] 0 [Flags] 2 [Guid] 3765111956 [EditorId] 3765111956 [Version] 1048832 [Id] WindowsEditor(7,Laptop-Ingmar) [Debug] 1 [PackageName] WindowsEditor [ProjectName] Editor" 

Player connection [49500] Host joined multi-casting on [225.0.0.222:54997]...
Player connection [49500] Host joined alternative multi-casting on [225.0.0.222:34997]...
JobSystem: Creating JobQueue using job-worker-count value 5
Input System module state changed to: Initialized.
[Physics::Module] Initialized fallback backend.
[Physics::Module] Id: 0xdecafbad
Library Redirect Path: Library/
[Physics::Module] Selected backend.
[Physics::Module] Name: PhysX
[Physics::Module] Id: 0xf2b8ea05
[Physics::Module] SDK Version: 4.1.2
[Physics::Module] Integration Version: 1.0.0
[Physics::Module] Threading Mode: Multi-Threaded
Refreshing native plugins compatible for Editor in 34.34 ms, found 11 plugins.
Preloading 0 native plugins for Editor in 0.00 ms.
Initialize engine version: 6000.0.56f1 (9c7b5e468860)
[Subsystems] Discovering subsystems at path C:/Program Files/Unity/Hub/Editor/6000.0.56f1/Editor/Data/Resources/UnitySubsystems
[Subsystems] Discovering subsystems at path C:/Users/ingma/OneDrive - Saxion/Desktop/School/CMGT/Project New Horizons/SketchPunk/Project-New-Horizons/Assets
GfxDevice: creating device client; kGfxThreadingModeNonThreaded
Direct3D:
    Version:  Direct3D 11.0 [level 11.1]
    Renderer: Intel(R) Iris(R) Xe Graphics (ID=0x46a8)
    Vendor:   Intel
    VRAM:     8038 MB
    Driver:   31.0.101.4255
Initialize mono
Mono path[0] = 'C:/Program Files/Unity/Hub/Editor/6000.0.56f1/Editor/Data/Managed'
Mono path[1] = 'C:/Program Files/Unity/Hub/Editor/6000.0.56f1/Editor/Data/MonoBleedingEdge/lib/mono/unityjit-win32'
Mono config path = 'C:/Program Files/Unity/Hub/Editor/6000.0.56f1/Editor/Data/MonoBleedingEdge/etc'
Using monoOptions --debugger-agent=transport=dt_socket,embedding=1,server=y,suspend=n,address=127.0.0.1:56580
Begin MonoManager ReloadAssembly
Registering precompiled unity dll's ...
Register platform support module: C:/Program Files/Unity/Hub/Editor/6000.0.56f1/Editor/Data/PlaybackEngines/WebGLSupport/UnityEditor.WebGL.Extensions.dll
Register platform support module: C:/Program Files/Unity/Hub/Editor/6000.0.56f1/Editor/Data/PlaybackEngines/WindowsStandaloneSupport/UnityEditor.WindowsStandalone.Extensions.dll
Register platform support module: C:/Program Files/Unity/Hub/Editor/6000.0.56f1/Editor/Data/PlaybackEngines/AndroidPlayer/UnityEditor.Android.Extensions.dll
Registered in 0.012203 seconds.
- Loaded All Assemblies, in  0.526 seconds
Native extension for Android target not found
Android Extension - Scanning For ADB Devices 540 ms
Native extension for WindowsStandalone target not found
Native extension for WebGL target not found
Mono: successfully reloaded assembly
- Finished resetting the current domain, in  1.170 seconds
Domain Reload Profiling: 1694ms
	BeginReloadAssembly (213ms)
		ExecutionOrderSort (0ms)
		DisableScriptedObjects (0ms)
		BackupInstance (0ms)
		ReleaseScriptingObjects (0ms)
		CreateAndSetChildDomain (1ms)
	RebuildCommonClasses (42ms)
	RebuildNativeTypeToScriptingClass (11ms)
	initialDomainReloadingComplete (67ms)
	LoadAllAssembliesAndSetupDomain (190ms)
		LoadAssemblies (213ms)
		RebuildTransferFunctionScriptingTraits (0ms)
		AnalyzeDomain (184ms)
			TypeCache.Refresh (182ms)
				TypeCache.ScanAssembly (166ms)
			BuildScriptInfoCaches (0ms)
			ResolveRequiredComponents (0ms)
	FinalizeReload (1171ms)
		ReleaseScriptCaches (0ms)
		RebuildScriptCaches (0ms)
		SetupLoadedEditorAssemblies (1109ms)
			LogAssemblyErrors (0ms)
			InitializePlatformSupportModulesInManaged (666ms)
			SetLoadedEditorAssemblies (5ms)
			BeforeProcessingInitializeOnLoad (113ms)
			ProcessInitializeOnLoadAttributes (216ms)
			ProcessInitializeOnLoadMethodAttributes (108ms)
			AfterProcessingInitializeOnLoad (0ms)
			EditorAssembliesLoaded (0ms)
		ExecutionOrderSort2 (0ms)
		AwakeInstancesAfterBackupRestoration (0ms)
========================================================================
Worker process is ready to serve import requests
Import Worker Mode flag is 0x00
Begin MonoManager ReloadAssembly
- Loaded All Assemblies, in  2.635 seconds
Refreshing native plugins compatible for Editor in 57.58 ms, found 11 plugins.
Native extension for Android target not found
Native extension for WindowsStandalone target not found
Native extension for WebGL target not found
Package Manager log level set to [2]
[Package Manager] Failed to launch server process. Reason: Unity was launched with the -noUpm command-line argument
[Package Manager] Unable to send message (not connected to server process).
[Package Manager] Cannot connect to Unity Package Manager local server
[MODES] ModeService[none].Initialize
[MODES] ModeService[none].LoadModes
[MODES] Loading mode Default (0) for mode-current-id-Project-New-Horizons
Mono: successfully reloaded assembly
[Package Manager] Failed to launch server process. Reason: Unity was launched with the -noUpm command-line argument
[Package Manager] Unable to send message (not connected to server process).
[Package Manager] Cannot connect to Unity Package Manager local server
[Package Manager] Failed to launch server process. Reason: Unity was launched with the -noUpm command-line argument
[Package Manager] Unable to send message (not connected to server process).
[Package Manager] Cannot connect to Unity Package Manager local server
- Finished resetting the current domain, in  2.550 seconds
Domain Reload Profiling: 5151ms
	BeginReloadAssembly (407ms)
		ExecutionOrderSort (0ms)
		DisableScriptedObjects (13ms)
		BackupInstance (0ms)
		ReleaseScriptingObjects (0ms)
		CreateAndSetChildDomain (58ms)
	RebuildCommonClasses (65ms)
	RebuildNativeTypeToScriptingClass (20ms)
	initialDomainReloadingComplete (102ms)
	LoadAllAssembliesAndSetupDomain (2005ms)
		LoadAssemblies (1411ms)
		RebuildTransferFunctionScriptingTraits (0ms)
		AnalyzeDomain (829ms)
			TypeCache.Refresh (524ms)
				TypeCache.ScanAssembly (479ms)
			BuildScriptInfoCaches (271ms)
			ResolveRequiredComponents (22ms)
	FinalizeReload (2551ms)
		ReleaseScriptCaches (0ms)
		RebuildScriptCaches (0ms)
		SetupLoadedEditorAssemblies (1994ms)
			LogAssemblyErrors (0ms)
			InitializePlatformSupportModulesInManaged (39ms)
			SetLoadedEditorAssemblies (10ms)
			BeforeProcessingInitializeOnLoad (344ms)
			ProcessInitializeOnLoadAttributes (1347ms)
			ProcessInitializeOnLoadMethodAttributes (240ms)
			AfterProcessingInitializeOnLoad (14ms)
			EditorAssembliesLoaded (1ms)
		ExecutionOrderSort2 (0ms)
		AwakeInstancesAfterBackupRestoration (19ms)
Launched and connected shader compiler UnityShaderCompiler.exe after 0.05 seconds
Refreshing native plugins compatible for Editor in 47.77 ms, found 11 plugins.
Preloading 0 native plugins for Editor in 0.00 ms.
Unloading 14 Unused Serialized files (Serialized files now loaded: 0)
Unloading 7397 unused Assets / (5.0 MB). Loaded Objects now: 8030.
Memory consumption went from 139.4 MB to 134.4 MB.
Total: 23.203600 ms (FindLiveObjects: 1.745500 ms CreateObjectMapping: 1.809900 ms MarkObjects: 11.015800 ms  DeleteObjects: 8.629400 ms)

========================================================================
Received Import Request.
  Time since last request: 437658.654743 seconds.
  path: Assets/Art/IMPORT/Synthesizer_sp.fbx
  artifactKey: Guid(d1ecbc8d0cad9404e935081da73890f0) Importer(815301076,1909f56bfc062723c751e8b465ee728b)
Start importing Assets/Art/IMPORT/Synthesizer_sp.fbx using Guid(d1ecbc8d0cad9404e935081da73890f0) Importer(815301076,1909f56bfc062723c751e8b465ee728b) (PreviewImporter) -> (artifact id: '98bfa56257951b59614f375b880b60c5') in 10.7618213 seconds
Number of updated asset objects reloaded before import = 0Number of asset objects unloaded after import = 606

========================================================================
Received Import Request.
  Time since last request: 0.000144 seconds.
  path: Assets/Art/3D PREFABS/Mic2_sp (1).prefab
  artifactKey: Guid(eb12b3ffdbfe0e541ba0ea5489ea2b35) Importer(815301076,1909f56bfc062723c751e8b465ee728b)
Start importing Assets/Art/3D PREFABS/Mic2_sp (1).prefab using Guid(eb12b3ffdbfe0e541ba0ea5489ea2b35) Importer(815301076,1909f56bfc062723c751e8b465ee728b) (PreviewImporter) -> (artifact id: '930f88365606413e7b9579b5f133400f') in 9.837893 seconds
Number of updated asset objects reloaded before import = 0Number of asset objects unloaded after import = 8

========================================================================
Received Import Request.
  Time since last request: 0.000251 seconds.
  path: Assets/Art/3D PREFABS/drum_single_sp (1).prefab
  artifactKey: Guid(0d42ae6cfcd1cd14c865e2bb6a370b22) Importer(815301076,1909f56bfc062723c751e8b465ee728b)
Start importing Assets/Art/3D PREFABS/drum_single_sp (1).prefab using Guid(0d42ae6cfcd1cd14c865e2bb6a370b22) Importer(815301076,1909f56bfc062723c751e8b465ee728b) (PreviewImporter) -> (artifact id: 'fad7c416e5ba7374b09c84bfc990efc3') in 0.0597422 seconds
Number of updated asset objects reloaded before import = 0Number of asset objects unloaded after import = 8

========================================================================
Received Import Request.
  Time since last request: 0.000081 seconds.
  path: Assets/Art/IMPORT/recor_player1_sp.fbx
  artifactKey: Guid(5e025ec412695d740a99c3726b14e6fb) Importer(815301076,1909f56bfc062723c751e8b465ee728b)
Start importing Assets/Art/IMPORT/recor_player1_sp.fbx using Guid(5e025ec412695d740a99c3726b14e6fb) Importer(815301076,1909f56bfc062723c751e8b465ee728b) (PreviewImporter) -> (artifact id: '13f36a2f38b0cb9ac15d4f04b03aff8e') in 0.1171878 seconds
Number of updated asset objects reloaded before import = 0Number of asset objects unloaded after import = 8

========================================================================
Received Import Request.
  Time since last request: 0.000098 seconds.
  path: Assets/Art/IMPORT/floor_sp.fbx
  artifactKey: Guid(6383a98ea86471d428208b23f54043c7) Importer(815301076,1909f56bfc062723c751e8b465ee728b)
Start importing Assets/Art/IMPORT/floor_sp.fbx using Guid(6383a98ea86471d428208b23f54043c7) Importer(815301076,1909f56bfc062723c751e8b465ee728b) (PreviewImporter) -> (artifact id: '03529224509cf9c690aabfb404ee3340') in 0.1079966 seconds
Number of updated asset objects reloaded before import = 0Number of asset objects unloaded after import = 8

========================================================================
Received Import Request.
  Time since last request: 0.000118 seconds.
  path: Assets/Art/IMPORT/note1_sp.fbx
  artifactKey: Guid(549e851bb2c11904b911028573fc80c1) Importer(815301076,1909f56bfc062723c751e8b465ee728b)
Start importing Assets/Art/IMPORT/note1_sp.fbx using Guid(549e851bb2c11904b911028573fc80c1) Importer(815301076,1909f56bfc062723c751e8b465ee728b) (PreviewImporter) -> (artifact id: '06855ca7ac6f78473130e66b8ecc6738') in 0.1125408 seconds
Number of updated asset objects reloaded before import = 0Number of asset objects unloaded after import = 8

========================================================================
Received Import Request.
  Time since last request: 0.000108 seconds.
  path: Assets/Art/3D PREFABS/Synthesizer_sp (1).prefab
  artifactKey: Guid(5a982eeb389c1e44d8982c9562ef5fb1) Importer(815301076,1909f56bfc062723c751e8b465ee728b)
Start importing Assets/Art/3D PREFABS/Synthesizer_sp (1).prefab using Guid(5a982eeb389c1e44d8982c9562ef5fb1) Importer(815301076,1909f56bfc062723c751e8b465ee728b) (PreviewImporter) -> (artifact id: 'd61b54cb02289e3bd54df0301e5b4726') in 0.1040641 seconds
Number of updated asset objects reloaded before import = 0Number of asset objects unloaded after import = 606

========================================================================
Received Import Request.
  Time since last request: 0.000039 seconds.
  path: Assets/Art/IMPORT/comic_sp.fbx
  artifactKey: Guid(16b28fe2c45b3c14296ab92201f306d4) Importer(815301076,1909f56bfc062723c751e8b465ee728b)
Start importing Assets/Art/IMPORT/comic_sp.fbx using Guid(16b28fe2c45b3c14296ab92201f306d4) Importer(815301076,1909f56bfc062723c751e8b465ee728b) (PreviewImporter) -> (artifact id: '83d5f1dc40e7345ab9851ab9016e91db') in 0.1153797 seconds
Number of updated asset objects reloaded before import = 0Number of asset objects unloaded after import = 8

========================================================================
Received Import Request.
  Time since last request: 0.000076 seconds.
  path: Assets/Art/3D PREFABS/metronome2_sp.prefab
  artifactKey: Guid(8f796fc6c559ef844bcb478fc0a8865a) Importer(815301076,1909f56bfc062723c751e8b465ee728b)
Start importing Assets/Art/3D PREFABS/metronome2_sp.prefab using Guid(8f796fc6c559ef844bcb478fc0a8865a) Importer(815301076,1909f56bfc062723c751e8b465ee728b) (PreviewImporter) -> (artifact id: '0f35737fee56378e43f4fe33cf0333ef') in 0.0673061 seconds
Number of updated asset objects reloaded before import = 0Number of asset objects unloaded after import = 8

========================================================================
Received Import Request.
  Time since last request: 0.000090 seconds.
  path: Assets/Art/3D PREFABS/shelf_long1_sp (1).prefab
  artifactKey: Guid(9aacc93091fc74f4ebcac5a33313b511) Importer(815301076,1909f56bfc062723c751e8b465ee728b)
Start importing Assets/Art/3D PREFABS/shelf_long1_sp (1).prefab using Guid(9aacc93091fc74f4ebcac5a33313b511) Importer(815301076,1909f56bfc062723c751e8b465ee728b) (PreviewImporter) -> (artifact id: '94bc1bb8077633a7a0e1e29096c58937') in 0.077539 seconds
Number of updated asset objects reloaded before import = 0Number of asset objects unloaded after import = 8

========================================================================
Received Import Request.
  Time since last request: 23.936763 seconds.
  path: Assets/PREFABS/Track visualisation.prefab
  artifactKey: Guid(6061b3be51cf5e2438a837245e02ba17) Importer(815301076,1909f56bfc062723c751e8b465ee728b)
Start importing Assets/PREFABS/Track visualisation.prefab using Guid(6061b3be51cf5e2438a837245e02ba17) Importer(815301076,1909f56bfc062723c751e8b465ee728b) (PreviewImporter) -> (artifact id: '43077bd5d0ad7f6aa4cdb103c0695277') in 0.0640859 seconds
Number of updated asset objects reloaded before import = 0Number of asset objects unloaded after import = 9

========================================================================
Received Import Request.
  Time since last request: 7.997265 seconds.
  path: Assets/Scenes/Max Level Layout 1.unity
  artifactKey: Guid(c34e7e66dd98c4342b836945ae9964d9) Importer(815301076,1909f56bfc062723c751e8b465ee728b)
Start importing Assets/Scenes/Max Level Layout 1.unity using Guid(c34e7e66dd98c4342b836945ae9964d9) Importer(815301076,1909f56bfc062723c751e8b465ee728b) (PreviewImporter) -> (artifact id: '00fc038863ba4d88a0d49c496e28fc9c') in 0.0007883 seconds
Number of updated asset objects reloaded before import = 0Number of asset objects unloaded after import = 0

========================================================================
Received Import Request.
  Time since last request: 5.843884 seconds.
  path: Assets/Scenes/DEMO 2.unity
  artifactKey: Guid(c34e7e66dd98c4342b836945ae9964d9) Importer(815301076,1909f56bfc062723c751e8b465ee728b)
Start importing Assets/Scenes/DEMO 2.unity using Guid(c34e7e66dd98c4342b836945ae9964d9) Importer(815301076,1909f56bfc062723c751e8b465ee728b) (PreviewImporter) -> (artifact id: '343d245e063b33a48f30c6dc1e252c70') in 0.0025862 seconds
Number of updated asset objects reloaded before import = 0Number of asset objects unloaded after import = 0

========================================================================
Received Import Request.
  Time since last request: 773.992110 seconds.
  path: Assets/Art/UI/IMG_1622.png
  artifactKey: Guid(ab9162433837d4a49b3c38feac3506c8) Importer(815301076,1909f56bfc062723c751e8b465ee728b)
Start importing Assets/Art/UI/IMG_1622.png using Guid(ab9162433837d4a49b3c38feac3506c8) Importer(815301076,1909f56bfc062723c751e8b465ee728b) (PreviewImporter) -> (artifact id: 'cb923013ad3ba2c2208f72db61b037a4') in 0.2151084 seconds
Number of updated asset objects reloaded before import = 0Number of asset objects unloaded after import = 2

========================================================================
Received Import Request.
  Time since last request: 0.000640 seconds.
  path: Assets/Art/UI/Presentation_stars.png
  artifactKey: Guid(fabc8e63b7ede244fa2f53bed2c45976) Importer(815301076,1909f56bfc062723c751e8b465ee728b)
Start importing Assets/Art/UI/Presentation_stars.png using Guid(fabc8e63b7ede244fa2f53bed2c45976) Importer(815301076,1909f56bfc062723c751e8b465ee728b) (PreviewImporter) -> (artifact id: '31a321c582adb9d07a830b33c82d3a42') in 0.0370908 seconds
Number of updated asset objects reloaded before import = 0Number of asset objects unloaded after import = 2

========================================================================
Received Import Request.
  Time since last request: 0.000146 seconds.
  path: Assets/Art/UI/presentation_square_black.png
  artifactKey: Guid(f2a7ee21190ddf644b78ed257030e06f) Importer(815301076,1909f56bfc062723c751e8b465ee728b)
Start importing Assets/Art/UI/presentation_square_black.png using Guid(f2a7ee21190ddf644b78ed257030e06f) Importer(815301076,1909f56bfc062723c751e8b465ee728b) (PreviewImporter) -> (artifact id: 'fc188e545a1f6a2801c18442ced961fc') in 0.0352168 seconds
Number of updated asset objects reloaded before import = 0Number of asset objects unloaded after import = 2

========================================================================
Received Import Request.
  Time since last request: 0.000048 seconds.
  path: Assets/Art/UI/Presentation_Hatch_pink&black.png
  artifactKey: Guid(789e88638ed36104ba7521e71218f9bc) Importer(815301076,1909f56bfc062723c751e8b465ee728b)
Start importing Assets/Art/UI/Presentation_Hatch_pink&black.png using Guid(789e88638ed36104ba7521e71218f9bc) Importer(815301076,1909f56bfc062723c751e8b465ee728b) (PreviewImporter) -> (artifact id: 'dca3a62df31eddee9cd74f5678753076') in 0.0305921 seconds
Number of updated asset objects reloaded before import = 0Number of asset objects unloaded after import = 2

========================================================================
Received Import Request.
  Time since last request: 0.000038 seconds.
  path: Assets/Art/UI/Presentation_crack_pink.png
  artifactKey: Guid(1bc5ac5fa9d2bac4e927cb9135a65ae6) Importer(815301076,1909f56bfc062723c751e8b465ee728b)
Start importing Assets/Art/UI/Presentation_crack_pink.png using Guid(1bc5ac5fa9d2bac4e927cb9135a65ae6) Importer(815301076,1909f56bfc062723c751e8b465ee728b) (PreviewImporter) -> (artifact id: 'fba7275b241f731db84c768f7880370b') in 0.0377378 seconds
Number of updated asset objects reloaded before import = 0Number of asset objects unloaded after import = 2

========================================================================
Received Import Request.
  Time since last request: 0.000064 seconds.
  path: Assets/Art/UI/presentation_square_yellow.png
  artifactKey: Guid(819ad4d9f6fe81a42a7877a61a7ef025) Importer(815301076,1909f56bfc062723c751e8b465ee728b)
Start importing Assets/Art/UI/presentation_square_yellow.png using Guid(819ad4d9f6fe81a42a7877a61a7ef025) Importer(815301076,1909f56bfc062723c751e8b465ee728b) (PreviewImporter) -> (artifact id: '3bd0fd44c34bcbfc0d47aa085f055bcc') in 0.0385482 seconds
Number of updated asset objects reloaded before import = 0Number of asset objects unloaded after import = 2

========================================================================
Received Import Request.
  Time since last request: 0.000030 seconds.
  path: Assets/Art/UI/Presentation_Hatching_yellow.png
  artifactKey: Guid(f82990de2a18b064595805f20b5ee1f8) Importer(815301076,1909f56bfc062723c751e8b465ee728b)
Start importing Assets/Art/UI/Presentation_Hatching_yellow.png using Guid(f82990de2a18b064595805f20b5ee1f8) Importer(815301076,1909f56bfc062723c751e8b465ee728b) (PreviewImporter) -> (artifact id: '02482a12c5b151c631c94822c215bf37') in 0.034059 seconds
Number of updated asset objects reloaded before import = 0Number of asset objects unloaded after import = 2

========================================================================
Received Import Request.
  Time since last request: 13.996855 seconds.
  path: Assets/Art/UI/Presentation_Hatching_yellow.png
  artifactKey: Guid(f82990de2a18b064595805f20b5ee1f8) Importer(815301076,1909f56bfc062723c751e8b465ee728b)
Start importing Assets/Art/UI/Presentation_Hatching_yellow.png using Guid(f82990de2a18b064595805f20b5ee1f8) Importer(815301076,1909f56bfc062723c751e8b465ee728b) (PreviewImporter) -> (artifact id: '26562b634e878e67b224d4fed1305a13') in 0.22956 seconds
Number of updated asset objects reloaded before import = 0Number of asset objects unloaded after import = 3

========================================================================
Received Import Request.
  Time since last request: 0.000049 seconds.
  path: Assets/Art/UI/Presentation_stars.png
  artifactKey: Guid(fabc8e63b7ede244fa2f53bed2c45976) Importer(815301076,1909f56bfc062723c751e8b465ee728b)
Start importing Assets/Art/UI/Presentation_stars.png using Guid(fabc8e63b7ede244fa2f53bed2c45976) Importer(815301076,1909f56bfc062723c751e8b465ee728b) (PreviewImporter) -> (artifact id: 'd058cf3da0e967336106c814cbe841a6') in 0.0407534 seconds
Number of updated asset objects reloaded before import = 0Number of asset objects unloaded after import = 3

========================================================================
Received Import Request.
  Time since last request: 0.000549 seconds.
  path: Assets/Art/UI/Presentation_halftone_blue.png
  artifactKey: Guid(56a685ecdff74784daaab29fe9b38fb3) Importer(815301076,1909f56bfc062723c751e8b465ee728b)
Start importing Assets/Art/UI/Presentation_halftone_blue.png using Guid(56a685ecdff74784daaab29fe9b38fb3) Importer(815301076,1909f56bfc062723c751e8b465ee728b) (PreviewImporter) -> (artifact id: '027f7e32dcdeb5477f5d39f3c250028e') in 0.05306 seconds
Number of updated asset objects reloaded before import = 0Number of asset objects unloaded after import = 3

========================================================================
Received Import Request.
  Time since last request: 0.000162 seconds.
  path: Assets/Art/UI/Presentation_Hatch_black.png
  artifactKey: Guid(b3354ea3bbb6c2d47bd2c49bbbc9317c) Importer(815301076,1909f56bfc062723c751e8b465ee728b)
Start importing Assets/Art/UI/Presentation_Hatch_black.png using Guid(b3354ea3bbb6c2d47bd2c49bbbc9317c) Importer(815301076,1909f56bfc062723c751e8b465ee728b) (PreviewImporter) -> (artifact id: '567d56a0b0b0c7ad5dfad5a71102ade2') in 0.0473688 seconds
Number of updated asset objects reloaded before import = 0Number of asset objects unloaded after import = 3

========================================================================
Received Import Request.
  Time since last request: 0.000081 seconds.
  path: Assets/Art/UI/Presentation_Splash_pink.png
  artifactKey: Guid(e8d8079901d46cb47adb8264efabeefd) Importer(815301076,1909f56bfc062723c751e8b465ee728b)
Start importing Assets/Art/UI/Presentation_Splash_pink.png using Guid(e8d8079901d46cb47adb8264efabeefd) Importer(815301076,1909f56bfc062723c751e8b465ee728b) (PreviewImporter) -> (artifact id: 'a96a6252e1a6ef155673c59be9f2279e') in 0.039966 seconds
Number of updated asset objects reloaded before import = 0Number of asset objects unloaded after import = 3

========================================================================
Received Import Request.
  Time since last request: 796.931033 seconds.
  path: Assets/Art/Fonts/Fonts/agency-fb/AGENCYB SDF.asset
  artifactKey: Guid(82461034149ee4b48a1fbc98e9281668) Importer(815301076,1909f56bfc062723c751e8b465ee728b)
Start importing Assets/Art/Fonts/Fonts/agency-fb/AGENCYB SDF.asset using Guid(82461034149ee4b48a1fbc98e9281668) Importer(815301076,1909f56bfc062723c751e8b465ee728b) (PreviewImporter) -> (artifact id: 'c75ee1637a89e8dbac51bc655968db93') in 0.7430481 seconds
Number of updated asset objects reloaded before import = 0Number of asset objects unloaded after import = 4

========================================================================
Received Import Request.
  Time since last request: 0.000206 seconds.
  path: Assets/Art/Fonts/Fonts/white_on_black/White On Black SDF.asset
  artifactKey: Guid(aaa20a17504c29c4f92283246098ad66) Importer(815301076,1909f56bfc062723c751e8b465ee728b)
Start importing Assets/Art/Fonts/Fonts/white_on_black/White On Black SDF.asset using Guid(aaa20a17504c29c4f92283246098ad66) Importer(815301076,1909f56bfc062723c751e8b465ee728b) (PreviewImporter) -> (artifact id: 'fe715517a95d7c769bcf702d2b41392e') in 0.0593092 seconds
Number of updated asset objects reloaded before import = 0Number of asset objects unloaded after import = 4

========================================================================
Received Import Request.
  Time since last request: 0.000077 seconds.
  path: Assets/TextMesh Pro/Examples & Extras/Resources/Fonts & Materials/Bangers SDF.asset
  artifactKey: Guid(125cb55b44b24c4393181402bc6200e6) Importer(815301076,1909f56bfc062723c751e8b465ee728b)
Start importing Assets/TextMesh Pro/Examples & Extras/Resources/Fonts & Materials/Bangers SDF.asset using Guid(125cb55b44b24c4393181402bc6200e6) Importer(815301076,1909f56bfc062723c751e8b465ee728b) (PreviewImporter) -> (artifact id: '2d3b72851141d450bfc05609f787d8fe') in 0.0866085 seconds
Number of updated asset objects reloaded before import = 0Number of asset objects unloaded after import = 6

========================================================================
Received Import Request.
  Time since last request: 0.000031 seconds.
  path: Assets/Art/Fonts/Fonts/chinese_rocks/chinese rocks rg SDF.asset
  artifactKey: Guid(e115027acf4c1334daa58ecb3598f9d8) Importer(815301076,1909f56bfc062723c751e8b465ee728b)
Start importing Assets/Art/Fonts/Fonts/chinese_rocks/chinese rocks rg SDF.asset using Guid(e115027acf4c1334daa58ecb3598f9d8) Importer(815301076,1909f56bfc062723c751e8b465ee728b) (PreviewImporter) -> (artifact id: 'be23f1ebbc13e6b23386a8a2f3110dad') in 0.0661071 seconds
Number of updated asset objects reloaded before import = 0Number of asset objects unloaded after import = 4

========================================================================
Received Import Request.
  Time since last request: 0.000056 seconds.
  path: Assets/TextMesh Pro/Examples & Extras/Resources/Fonts & Materials/Electronic Highway Sign SDF.asset
  artifactKey: Guid(dc36b3fdc14f47ebb36fd484a67e268a) Importer(815301076,1909f56bfc062723c751e8b465ee728b)
Start importing Assets/TextMesh Pro/Examples & Extras/Resources/Fonts & Materials/Electronic Highway Sign SDF.asset using Guid(dc36b3fdc14f47ebb36fd484a67e268a) Importer(815301076,1909f56bfc062723c751e8b465ee728b) (PreviewImporter) -> (artifact id: '6bdbfe6aef75828c85f9ac57337ede77') in 0.0731357 seconds
Number of updated asset objects reloaded before import = 0Number of asset objects unloaded after import = 6

========================================================================
Received Import Request.
  Time since last request: 0.000110 seconds.
  path: Assets/TextMesh Pro/Examples & Extras/Resources/Fonts & Materials/Unity SDF.asset
  artifactKey: Guid(c9adb1f542a93ae489bacfeae21e8394) Importer(815301076,1909f56bfc062723c751e8b465ee728b)
Start importing Assets/TextMesh Pro/Examples & Extras/Resources/Fonts & Materials/Unity SDF.asset using Guid(c9adb1f542a93ae489bacfeae21e8394) Importer(815301076,1909f56bfc062723c751e8b465ee728b) (PreviewImporter) -> (artifact id: '94f0c54be3a00ffaf390a8e73afdc80f') in 0.1181994 seconds
Number of updated asset objects reloaded before import = 0Number of asset objects unloaded after import = 5

Editor requested this worker to shutdown with reason: Scaling down because of idle timeout
AssetImportWorker is now disconnected from the server
Process exiting
Exiting without the bug reporter. Application will terminate with return code 0