Using pre-set license
Built from '6000.0/staging' branch; Version is '6000.0.56f1 (9c7b5e468860) revision 10255198'; Using compiler version '193933523'; Build Type 'Release'
OS: 'Windows 11  (10.0.26200) 64bit Professional' Language: 'en' Physical Memory: 65237 MB
BatchMode: 1, IsHumanControllingUs: 0, StartBugReporterOnCrash: 0, Is64bit: 1
Date: 2026-06-30T08:32:40Z

COMMAND LINE ARGUMENTS:
C:\Program Files\Unity\Hub\Editor\6000.0.56f1\Editor\Unity.exe
-adb2
-batchMode
-noUpm
-name
AssetImportWorker15
-projectPath
C:/Users/maxni/OneDrive/Documenten/School/Saxion/Semester 2/Project New Horizons/Project/Project-New-Horizons
-logFile
Logs/AssetImportWorker15.log
-srvPort
56145
-job-worker-count
15
-background-job-worker-count
8
-gc-helper-count
1
-name
AssetImport
Successfully changed project path to: C:/Users/maxni/OneDrive/Documenten/School/Saxion/Semester 2/Project New Horizons/Project/Project-New-Horizons
C:/Users/maxni/OneDrive/Documenten/School/Saxion/Semester 2/Project New Horizons/Project/Project-New-Horizons
[UnityMemory] Configuration Parameters - Can be set up in boot.config
    "memorysetup-bucket-allocator-granularity=16"
    "memorysetup-bucket-allocator-bucket-count=8"
    "memorysetup-bucket-allocator-block-size=33554432"
    "memorysetup-bucket-allocator-block-count=8"
    "memorysetup-main-allocator-block-size=16777216"
    "memorysetup-thread-allocator-block-size=16777216"
    "memorysetup-gfx-main-allocator-block-size=16777216"
    "memorysetup-gfx-thread-allocator-block-size=16777216"
    "memorysetup-cache-allocator-block-size=4194304"
    "memorysetup-typetree-allocator-block-size=2097152"
    "memorysetup-profiler-bucket-allocator-granularity=16"
    "memorysetup-profiler-bucket-allocator-bucket-count=8"
    "memorysetup-profiler-bucket-allocator-block-size=33554432"
    "memorysetup-profiler-bucket-allocator-block-count=8"
    "memorysetup-profiler-allocator-block-size=16777216"
    "memorysetup-profiler-editor-allocator-block-size=1048576"
    "memorysetup-temp-allocator-size-main=16777216"
    "memorysetup-job-temp-allocator-block-size=2097152"
    "memorysetup-job-temp-allocator-block-size-background=1048576"
    "memorysetup-job-temp-allocator-reduction-small-platforms=262144"
    "memorysetup-allocator-temp-initial-block-size-main=262144"
    "memorysetup-allocator-temp-initial-block-size-worker=262144"
    "memorysetup-temp-allocator-size-background-worker=32768"
    "memorysetup-temp-allocator-size-job-worker=262144"
    "memorysetup-temp-allocator-size-preload-manager=33554432"
    "memorysetup-temp-allocator-size-nav-mesh-worker=65536"
    "memorysetup-temp-allocator-size-audio-worker=65536"
    "memorysetup-temp-allocator-size-cloud-worker=32768"
    "memorysetup-temp-allocator-size-gi-baking-worker=262144"
    "memorysetup-temp-allocator-size-gi-baking-worker=262144"
    "memorysetup-temp-allocator-size-gi-baking-worker=262144"
    "memorysetup-temp-allocator-size-gi-baking-worker=262144"
    "memorysetup-temp-allocator-size-gi-baking-worker=262144"
    "memorysetup-temp-allocator-size-gfx=262144"
Player connection [31788]  Target information:

Player connection [31788]  * "[IP] 145.76.71.186 [Port] 0 [Flags] 2 [Guid] 1775641508 [EditorId] 1775641508 [Version] 1048832 [Id] WindowsEditor(7,MSI) [Debug] 1 [PackageName] WindowsEditor [ProjectName] Editor" 

Player connection [31788] Host joined multi-casting on [225.0.0.222:54997]...
Player connection [31788] Host joined alternative multi-casting on [225.0.0.222:34997]...
JobSystem: Creating JobQueue using job-worker-count value 15
Input System module state changed to: Initialized.
[Physics::Module] Initialized fallback backend.
[Physics::Module] Id: 0xdecafbad
Library Redirect Path: Library/
[Physics::Module] Selected backend.
[Physics::Module] Name: PhysX
[Physics::Module] Id: 0xf2b8ea05
[Physics::Module] SDK Version: 4.1.2
[Physics::Module] Integration Version: 1.0.0
[Physics::Module] Threading Mode: Multi-Threaded
Refreshing native plugins compatible for Editor in 27.44 ms, found 11 plugins.
Preloading 0 native plugins for Editor in 0.00 ms.
Initialize engine version: 6000.0.56f1 (9c7b5e468860)
[Subsystems] Discovering subsystems at path C:/Program Files/Unity/Hub/Editor/6000.0.56f1/Editor/Data/Resources/UnitySubsystems
[Subsystems] Discovering subsystems at path C:/Users/maxni/OneDrive/Documenten/School/Saxion/Semester 2/Project New Horizons/Project/Project-New-Horizons/Assets
GfxDevice: creating device client; kGfxThreadingModeNonThreaded
Direct3D:
    Version:  Direct3D 11.0 [level 11.1]
    Renderer: NVIDIA GeForce RTX 4090 Laptop GPU (ID=0x2717)
    Vendor:   NVIDIA
    VRAM:     16048 MB
    Driver:   32.0.15.9597
Initialize mono
Mono path[0] = 'C:/Program Files/Unity/Hub/Editor/6000.0.56f1/Editor/Data/Managed'
Mono path[1] = 'C:/Program Files/Unity/Hub/Editor/6000.0.56f1/Editor/Data/MonoBleedingEdge/lib/mono/unityjit-win32'
Mono config path = 'C:/Program Files/Unity/Hub/Editor/6000.0.56f1/Editor/Data/MonoBleedingEdge/etc'
Using monoOptions --debugger-agent=transport=dt_socket,embedding=1,server=y,suspend=n,address=127.0.0.1:56952
Begin MonoManager ReloadAssembly
Registering precompiled unity dll's ...
Register platform support module: C:/Program Files/Unity/Hub/Editor/6000.0.56f1/Editor/Data/PlaybackEngines/WebGLSupport/UnityEditor.WebGL.Extensions.dll
Register platform support module: C:/Program Files/Unity/Hub/Editor/6000.0.56f1/Editor/Data/PlaybackEngines/WindowsStandaloneSupport/UnityEditor.WindowsStandalone.Extensions.dll
Register platform support module: C:/Program Files/Unity/Hub/Editor/6000.0.56f1/Editor/Data/PlaybackEngines/AndroidPlayer/UnityEditor.Android.Extensions.dll
Registered in 0.005752 seconds.
- Loaded All Assemblies, in  0.438 seconds
Native extension for Android target not found
Android Extension - Scanning For ADB Devices 303 ms
Native extension for WindowsStandalone target not found
Native extension for WebGL target not found
Mono: successfully reloaded assembly
- Finished resetting the current domain, in  0.717 seconds
Domain Reload Profiling: 1152ms
	BeginReloadAssembly (143ms)
		ExecutionOrderSort (0ms)
		DisableScriptedObjects (0ms)
		BackupInstance (0ms)
		ReleaseScriptingObjects (0ms)
		CreateAndSetChildDomain (1ms)
	RebuildCommonClasses (39ms)
	RebuildNativeTypeToScriptingClass (13ms)
	initialDomainReloadingComplete (59ms)
	LoadAllAssembliesAndSetupDomain (181ms)
		LoadAssemblies (141ms)
		RebuildTransferFunctionScriptingTraits (0ms)
		AnalyzeDomain (176ms)
			TypeCache.Refresh (174ms)
				TypeCache.ScanAssembly (159ms)
			BuildScriptInfoCaches (0ms)
			ResolveRequiredComponents (1ms)
	FinalizeReload (718ms)
		ReleaseScriptCaches (0ms)
		RebuildScriptCaches (0ms)
		SetupLoadedEditorAssemblies (666ms)
			LogAssemblyErrors (0ms)
			InitializePlatformSupportModulesInManaged (417ms)
			SetLoadedEditorAssemblies (3ms)
			BeforeProcessingInitializeOnLoad (54ms)
			ProcessInitializeOnLoadAttributes (131ms)
			ProcessInitializeOnLoadMethodAttributes (61ms)
			AfterProcessingInitializeOnLoad (0ms)
			EditorAssembliesLoaded (0ms)
		ExecutionOrderSort2 (0ms)
		AwakeInstancesAfterBackupRestoration (0ms)
========================================================================
Worker process is ready to serve import requests
Import Worker Mode flag is 0x00
Begin MonoManager ReloadAssembly
- Loaded All Assemblies, in  0.996 seconds
Refreshing native plugins compatible for Editor in 17.53 ms, found 11 plugins.
Native extension for Android target not found
Native extension for WindowsStandalone target not found
Native extension for WebGL target not found
Package Manager log level set to [2]
[Package Manager] Failed to launch server process. Reason: Unity was launched with the -noUpm command-line argument
[Package Manager] Unable to send message (not connected to server process).
[Package Manager] Cannot connect to Unity Package Manager local server
[MODES] ModeService[none].Initialize
[MODES] ModeService[none].LoadModes
[MODES] Loading mode Default (0) for mode-current-id-Project-New-Horizons
Mono: successfully reloaded assembly
[Package Manager] Failed to launch server process. Reason: Unity was launched with the -noUpm command-line argument
[Package Manager] Unable to send message (not connected to server process).
[Package Manager] Cannot connect to Unity Package Manager local server
[Package Manager] Failed to launch server process. Reason: Unity was launched with the -noUpm command-line argument
[Package Manager] Unable to send message (not connected to server process).
[Package Manager] Cannot connect to Unity Package Manager local server
- Finished resetting the current domain, in  0.825 seconds
Domain Reload Profiling: 1811ms
	BeginReloadAssembly (184ms)
		ExecutionOrderSort (0ms)
		DisableScriptedObjects (7ms)
		BackupInstance (0ms)
		ReleaseScriptingObjects (0ms)
		CreateAndSetChildDomain (28ms)
	RebuildCommonClasses (38ms)
	RebuildNativeTypeToScriptingClass (13ms)
	initialDomainReloadingComplete (46ms)
	LoadAllAssembliesAndSetupDomain (705ms)
		LoadAssemblies (449ms)
		RebuildTransferFunctionScriptingTraits (0ms)
		AnalyzeDomain (359ms)
			TypeCache.Refresh (239ms)
				TypeCache.ScanAssembly (220ms)
			BuildScriptInfoCaches (102ms)
			ResolveRequiredComponents (12ms)
	FinalizeReload (825ms)
		ReleaseScriptCaches (0ms)
		RebuildScriptCaches (0ms)
		SetupLoadedEditorAssemblies (622ms)
			LogAssemblyErrors (0ms)
			InitializePlatformSupportModulesInManaged (17ms)
			SetLoadedEditorAssemblies (5ms)
			BeforeProcessingInitializeOnLoad (133ms)
			ProcessInitializeOnLoadAttributes (378ms)
			ProcessInitializeOnLoadMethodAttributes (83ms)
			AfterProcessingInitializeOnLoad (5ms)
			EditorAssembliesLoaded (0ms)
		ExecutionOrderSort2 (0ms)
		AwakeInstancesAfterBackupRestoration (6ms)
Launched and connected shader compiler UnityShaderCompiler.exe after 0.01 seconds
Refreshing native plugins compatible for Editor in 33.03 ms, found 11 plugins.
Preloading 0 native plugins for Editor in 0.00 ms.
Unloading 14 Unused Serialized files (Serialized files now loaded: 0)
Unloading 7395 unused Assets / (5.1 MB). Loaded Objects now: 8028.
Memory consumption went from 141.0 MB to 135.9 MB.
Total: 13.548300 ms (FindLiveObjects: 0.852700 ms CreateObjectMapping: 0.772800 ms MarkObjects: 8.359300 ms  DeleteObjects: 3.561200 ms)

========================================================================
Received Import Request.
  Time since last request: 37105.929525 seconds.
  path: Assets/Art/Textures/MATERIALS/PROPS/CD closed 1.mat
  artifactKey: Guid(774f0e74e863252409cf284faa7be5e2) Importer(815301076,1909f56bfc062723c751e8b465ee728b)
Start importing Assets/Art/Textures/MATERIALS/PROPS/CD closed 1.mat using Guid(774f0e74e863252409cf284faa7be5e2) Importer(815301076,1909f56bfc062723c751e8b465ee728b) (PreviewImporter) -> (artifact id: '42774d80eaad15664961ab1bb63d173b') in 0.3853666 seconds
Number of updated asset objects reloaded before import = 0Number of asset objects unloaded after import = 2

========================================================================
Received Import Request.
  Time since last request: 52.429042 seconds.
  path: Assets/Art/Textures/MATERIALS/PROPS/CD offspring.mat
  artifactKey: Guid(068d84aafffff4c40a5361d8353b478e) Importer(815301076,1909f56bfc062723c751e8b465ee728b)
Start importing Assets/Art/Textures/MATERIALS/PROPS/CD offspring.mat using Guid(068d84aafffff4c40a5361d8353b478e) Importer(815301076,1909f56bfc062723c751e8b465ee728b) (PreviewImporter) -> (artifact id: '17b2befc74a587030374d5e144574620') in 0.0257226 seconds
Number of updated asset objects reloaded before import = 0Number of asset objects unloaded after import = 2

========================================================================
Received Import Request.
  Time since last request: 50.499855 seconds.
  path: Assets/Art/Textures/MATERIALS/PROPS/CD open rancid.mat
  artifactKey: Guid(e5d9a3e1973ecb84f9b98c4e92f7679b) Importer(815301076,1909f56bfc062723c751e8b465ee728b)
Start importing Assets/Art/Textures/MATERIALS/PROPS/CD open rancid.mat using Guid(e5d9a3e1973ecb84f9b98c4e92f7679b) Importer(815301076,1909f56bfc062723c751e8b465ee728b) (PreviewImporter) -> (artifact id: 'f8848bcf3cd774a74166b70caddcf6a3') in 0.0212376 seconds
Number of updated asset objects reloaded before import = 0Number of asset objects unloaded after import = 2

========================================================================
Received Import Request.
  Time since last request: 20.850808 seconds.
  path: Assets/Art/Textures/MATERIALS/PROPS/Tall_thing 1.mat
  artifactKey: Guid(552cdc2918855104888ca299be8ccf11) Importer(815301076,1909f56bfc062723c751e8b465ee728b)
Start importing Assets/Art/Textures/MATERIALS/PROPS/Tall_thing 1.mat using Guid(552cdc2918855104888ca299be8ccf11) Importer(815301076,1909f56bfc062723c751e8b465ee728b) (PreviewImporter) -> (artifact id: '1d1a0453672260c70946188f35505818') in 0.021531 seconds
Number of updated asset objects reloaded before import = 0Number of asset objects unloaded after import = 2

========================================================================
Received Import Request.
  Time since last request: 5.095268 seconds.
  path: Assets/Art/Textures/MATERIALS/PROPS/Sketchbook.mat
  artifactKey: Guid(552cdc2918855104888ca299be8ccf11) Importer(815301076,1909f56bfc062723c751e8b465ee728b)
Start importing Assets/Art/Textures/MATERIALS/PROPS/Sketchbook.mat using Guid(552cdc2918855104888ca299be8ccf11) Importer(815301076,1909f56bfc062723c751e8b465ee728b) (PreviewImporter) -> (artifact id: '97d55d93238df5628c50d4321490d6d0') in 0.018679 seconds
Number of updated asset objects reloaded before import = 0Number of asset objects unloaded after import = 2

========================================================================
Received Import Request.
  Time since last request: 27.867967 seconds.
  path: Assets/Art/Textures/MATERIALS/PROPS/Sketchbook.mat
  artifactKey: Guid(552cdc2918855104888ca299be8ccf11) Importer(815301076,1909f56bfc062723c751e8b465ee728b)
Start importing Assets/Art/Textures/MATERIALS/PROPS/Sketchbook.mat using Guid(552cdc2918855104888ca299be8ccf11) Importer(815301076,1909f56bfc062723c751e8b465ee728b) (PreviewImporter) -> (artifact id: 'b64e42a692db230bf92176b5ba4e34b2') in 0.0240663 seconds
Number of updated asset objects reloaded before import = 0Number of asset objects unloaded after import = 2

========================================================================
Received Import Request.
  Time since last request: 5.633341 seconds.
  path: Assets/Art/Textures/MATERIALS/PROPS/LP 1.mat
  artifactKey: Guid(0d0cde9e498cb7e489da51acfe75477c) Importer(815301076,1909f56bfc062723c751e8b465ee728b)
Start importing Assets/Art/Textures/MATERIALS/PROPS/LP 1.mat using Guid(0d0cde9e498cb7e489da51acfe75477c) Importer(815301076,1909f56bfc062723c751e8b465ee728b) (PreviewImporter) -> (artifact id: '9057273f89bfbf5ced4be773b4e8043d') in 0.020968 seconds
Number of updated asset objects reloaded before import = 0Number of asset objects unloaded after import = 2

========================================================================
Received Import Request.
  Time since last request: 7.461026 seconds.
  path: Assets/Plugins/FMOD/images/LevelMeter.png
  artifactKey: Guid(21e7a3d41a926364a8b9a6704ebe80d8) Importer(815301076,1909f56bfc062723c751e8b465ee728b)
Start importing Assets/Plugins/FMOD/images/LevelMeter.png using Guid(21e7a3d41a926364a8b9a6704ebe80d8) Importer(815301076,1909f56bfc062723c751e8b465ee728b) (PreviewImporter) -> (artifact id: '47dd721ff5c4bbf131f618fdae060649') in 0.0337585 seconds
Number of updated asset objects reloaded before import = 0Number of asset objects unloaded after import = 2

========================================================================
Received Import Request.
  Time since last request: 55.264203 seconds.
  path: Assets/Art/Textures/MATERIALS/PROPS/LP 1.mat
  artifactKey: Guid(0d0cde9e498cb7e489da51acfe75477c) Importer(815301076,1909f56bfc062723c751e8b465ee728b)
Start importing Assets/Art/Textures/MATERIALS/PROPS/LP 1.mat using Guid(0d0cde9e498cb7e489da51acfe75477c) Importer(815301076,1909f56bfc062723c751e8b465ee728b) (PreviewImporter) -> (artifact id: 'f9d141ec57faaf185026c7c2e93ae8ec') in 0.0223096 seconds
Number of updated asset objects reloaded before import = 0Number of asset objects unloaded after import = 2

========================================================================
Received Import Request.
  Time since last request: 0.628969 seconds.
  path: Assets/Art/Textures/MATERIALS/PROPS/LP 3.mat
  artifactKey: Guid(c4de3e7954fdf52408f22d715bc0e21a) Importer(815301076,1909f56bfc062723c751e8b465ee728b)
Start importing Assets/Art/Textures/MATERIALS/PROPS/LP 3.mat using Guid(c4de3e7954fdf52408f22d715bc0e21a) Importer(815301076,1909f56bfc062723c751e8b465ee728b) (PreviewImporter) -> (artifact id: '7861a1a7961dc95cf516c1241ac6aedf') in 0.0185178 seconds
Number of updated asset objects reloaded before import = 0Number of asset objects unloaded after import = 2

========================================================================
Received Import Request.
  Time since last request: 0.424922 seconds.
  path: Assets/Art/Textures/MATERIALS/PROPS/LP 4.mat
  artifactKey: Guid(c8868feee46df474ab48c67e27c85bfe) Importer(815301076,1909f56bfc062723c751e8b465ee728b)
Start importing Assets/Art/Textures/MATERIALS/PROPS/LP 4.mat using Guid(c8868feee46df474ab48c67e27c85bfe) Importer(815301076,1909f56bfc062723c751e8b465ee728b) (PreviewImporter) -> (artifact id: '4f1f2c05e6e11c2f68d8386ae98fd24b') in 0.0241798 seconds
Number of updated asset objects reloaded before import = 0Number of asset objects unloaded after import = 2

========================================================================
Received Import Request.
  Time since last request: 0.391854 seconds.
  path: Assets/Art/Textures/MATERIALS/PROPS/LP 5.mat
  artifactKey: Guid(8628fc183e20a904fb640fca43d90061) Importer(815301076,1909f56bfc062723c751e8b465ee728b)
Start importing Assets/Art/Textures/MATERIALS/PROPS/LP 5.mat using Guid(8628fc183e20a904fb640fca43d90061) Importer(815301076,1909f56bfc062723c751e8b465ee728b) (PreviewImporter) -> (artifact id: 'dc2d05f50cfe7ec19c1448b13cba2a9d') in 0.0241291 seconds
Number of updated asset objects reloaded before import = 0Number of asset objects unloaded after import = 2

========================================================================
Received Import Request.
  Time since last request: 0.534028 seconds.
  path: Assets/Art/Textures/MATERIALS/PROPS/LP 6.mat
  artifactKey: Guid(b76530a861943ed4799a0452b0659341) Importer(815301076,1909f56bfc062723c751e8b465ee728b)
Start importing Assets/Art/Textures/MATERIALS/PROPS/LP 6.mat using Guid(b76530a861943ed4799a0452b0659341) Importer(815301076,1909f56bfc062723c751e8b465ee728b) (PreviewImporter) -> (artifact id: 'bdf427ab394ce05beb521335066841d3') in 0.0311066 seconds
Number of updated asset objects reloaded before import = 0Number of asset objects unloaded after import = 2

========================================================================
Received Import Request.
  Time since last request: 0.925578 seconds.
  path: Assets/Art/Textures/MATERIALS/PROPS/LP 7.mat
  artifactKey: Guid(6392a3cf86fb2d9418a05109c04b3039) Importer(815301076,1909f56bfc062723c751e8b465ee728b)
Start importing Assets/Art/Textures/MATERIALS/PROPS/LP 7.mat using Guid(6392a3cf86fb2d9418a05109c04b3039) Importer(815301076,1909f56bfc062723c751e8b465ee728b) (PreviewImporter) -> (artifact id: 'df8299bd249a066bc77b29f17a2087a8') in 0.0206694 seconds
Number of updated asset objects reloaded before import = 0Number of asset objects unloaded after import = 2

========================================================================
Received Import Request.
  Time since last request: 0.242980 seconds.
  path: Assets/Art/Textures/MATERIALS/PROPS/LP 8.mat
  artifactKey: Guid(c4b7fee6fddb1794488c568471844444) Importer(815301076,1909f56bfc062723c751e8b465ee728b)
Start importing Assets/Art/Textures/MATERIALS/PROPS/LP 8.mat using Guid(c4b7fee6fddb1794488c568471844444) Importer(815301076,1909f56bfc062723c751e8b465ee728b) (PreviewImporter) -> (artifact id: '07004e154afdb3ee8aba56696ef0c839') in 0.0244076 seconds
Number of updated asset objects reloaded before import = 0Number of asset objects unloaded after import = 2

========================================================================
Received Import Request.
  Time since last request: 160.098593 seconds.
  path: Assets/Art/3D PREFABS/Tall_thing1_sp (1).prefab
  artifactKey: Guid(1d147ac6d1158bc4da91a1e76d4341e7) Importer(815301076,1909f56bfc062723c751e8b465ee728b)
Start importing Assets/Art/3D PREFABS/Tall_thing1_sp (1).prefab using Guid(1d147ac6d1158bc4da91a1e76d4341e7) Importer(815301076,1909f56bfc062723c751e8b465ee728b) (PreviewImporter) -> (artifact id: '4be4b5e3320e982d76054fd4c4d6c00d') in 0.0375409 seconds
Number of updated asset objects reloaded before import = 0Number of asset objects unloaded after import = 9

========================================================================
Received Import Request.
  Time since last request: 60.780056 seconds.
  path: Assets/PREFABS/MAX/EDITED PREFABS/Walkable Instruments/drum_single_sp (2).prefab
  artifactKey: Guid(f3bdb74e50af7b541af393d3f5ab6baa) Importer(815301076,1909f56bfc062723c751e8b465ee728b)
Start importing Assets/PREFABS/MAX/EDITED PREFABS/Walkable Instruments/drum_single_sp (2).prefab using Guid(f3bdb74e50af7b541af393d3f5ab6baa) Importer(815301076,1909f56bfc062723c751e8b465ee728b) (PreviewImporter) -> (artifact id: '80135f0ec3101e9adbd9e781d2d50e45') in 0.0191541 seconds
Number of updated asset objects reloaded before import = 0Number of asset objects unloaded after import = 24

========================================================================
Received Import Request.
  Time since last request: 0.000022 seconds.
  path: Assets/PREFABS/MAX/EDITED PREFABS/Enemy.prefab
  artifactKey: Guid(c3bb9d1a1dae2494395420d4d7348060) Importer(815301076,1909f56bfc062723c751e8b465ee728b)
Start importing Assets/PREFABS/MAX/EDITED PREFABS/Enemy.prefab using Guid(c3bb9d1a1dae2494395420d4d7348060) Importer(815301076,1909f56bfc062723c751e8b465ee728b) (PreviewImporter) -> (artifact id: 'ae31ccbd76ee09e02183c5b1422586ce') in 0.0311814 seconds
Number of updated asset objects reloaded before import = 0Number of asset objects unloaded after import = 28

========================================================================
Received Import Request.
  Time since last request: 0.000023 seconds.
  path: Assets/PREFABS/TODOR/Enemy.prefab
  artifactKey: Guid(cff2fdaed2a58fd4fb87ee17299704f4) Importer(815301076,1909f56bfc062723c751e8b465ee728b)
Start importing Assets/PREFABS/TODOR/Enemy.prefab using Guid(cff2fdaed2a58fd4fb87ee17299704f4) Importer(815301076,1909f56bfc062723c751e8b465ee728b) (PreviewImporter) -> (artifact id: '3cc782369b2d3da8f8e288c75f57ea36') in 0.0165052 seconds
Number of updated asset objects reloaded before import = 0Number of asset objects unloaded after import = 22

========================================================================
Received Import Request.
  Time since last request: 0.000020 seconds.
  path: Assets/PREFABS/TODOR/Enemy New.prefab
  artifactKey: Guid(90491b66b1098c3489d9944990d809bc) Importer(815301076,1909f56bfc062723c751e8b465ee728b)
Start importing Assets/PREFABS/TODOR/Enemy New.prefab using Guid(90491b66b1098c3489d9944990d809bc) Importer(815301076,1909f56bfc062723c751e8b465ee728b) (PreviewImporter) -> (artifact id: 'd927dd06b920c0e50b89647d67410157') in 0.0228797 seconds
Number of updated asset objects reloaded before import = 0Number of asset objects unloaded after import = 33

========================================================================
Received Import Request.
  Time since last request: 0.000033 seconds.
  path: Assets/PREFABS/MAX/EDITED PREFABS/Walkable Instruments/JumpPad.prefab
  artifactKey: Guid(7da6cbce51ed21d478baf07a31314566) Importer(815301076,1909f56bfc062723c751e8b465ee728b)
Start importing Assets/PREFABS/MAX/EDITED PREFABS/Walkable Instruments/JumpPad.prefab using Guid(7da6cbce51ed21d478baf07a31314566) Importer(815301076,1909f56bfc062723c751e8b465ee728b) (PreviewImporter) -> (artifact id: '3e0bb73535edd8cf4aba2ee1221cb51a') in 0.0239063 seconds
Number of updated asset objects reloaded before import = 0Number of asset objects unloaded after import = 9

========================================================================
Received Import Request.
  Time since last request: 48.669508 seconds.
  path: Assets/Art/Textures/MATERIALS/PROPS/LP 2.mat
  artifactKey: Guid(07eafc9831db4e84caaabbe16506baf6) Importer(815301076,1909f56bfc062723c751e8b465ee728b)
Start importing Assets/Art/Textures/MATERIALS/PROPS/LP 2.mat using Guid(07eafc9831db4e84caaabbe16506baf6) Importer(815301076,1909f56bfc062723c751e8b465ee728b) (PreviewImporter) -> (artifact id: 'dfab98e091722710b930aa41eee165d1') in 0.0226439 seconds
Number of updated asset objects reloaded before import = 0Number of asset objects unloaded after import = 2

========================================================================
Received Import Request.
  Time since last request: 10.001859 seconds.
  path: Assets/Scripts/General scripts
  artifactKey: Guid(3ee709e2d8481504ea63760a37e45c1e) Importer(815301076,1909f56bfc062723c751e8b465ee728b)
Start importing Assets/Scripts/General scripts using Guid(3ee709e2d8481504ea63760a37e45c1e) Importer(815301076,1909f56bfc062723c751e8b465ee728b) (PreviewImporter) -> (artifact id: '06d69511495c9f3b2aedba6a95d13afe') in 0.0005118 seconds
Number of updated asset objects reloaded before import = 0Number of asset objects unloaded after import = 0

========================================================================
Received Import Request.
  Time since last request: 94.121457 seconds.
  path: Assets/Art/Textures/MATERIALS/PROPS/LP Open 1.mat
  artifactKey: Guid(0d0cde9e498cb7e489da51acfe75477c) Importer(815301076,1909f56bfc062723c751e8b465ee728b)
Start importing Assets/Art/Textures/MATERIALS/PROPS/LP Open 1.mat using Guid(0d0cde9e498cb7e489da51acfe75477c) Importer(815301076,1909f56bfc062723c751e8b465ee728b) (PreviewImporter) -> (artifact id: '8f3639cf7cfb8f089ada8d7913a3e01d') in 0.0206642 seconds
Number of updated asset objects reloaded before import = 0Number of asset objects unloaded after import = 2

========================================================================
Received Import Request.
  Time since last request: 18.503902 seconds.
  path: Assets/Art/Textures/MATERIALS/PROPS/LP Closed 1.mat
  artifactKey: Guid(07eafc9831db4e84caaabbe16506baf6) Importer(815301076,1909f56bfc062723c751e8b465ee728b)
Start importing Assets/Art/Textures/MATERIALS/PROPS/LP Closed 1.mat using Guid(07eafc9831db4e84caaabbe16506baf6) Importer(815301076,1909f56bfc062723c751e8b465ee728b) (PreviewImporter) -> (artifact id: 'a9ce8b4bfccc8ac3f36546fd7f4a6b2a') in 0.0357067 seconds
Number of updated asset objects reloaded before import = 0Number of asset objects unloaded after import = 2

========================================================================
Received Import Request.
  Time since last request: 12.011041 seconds.
  path: Assets/Art/Textures/MATERIALS/PROPS/LP Closed 2.mat
  artifactKey: Guid(c4de3e7954fdf52408f22d715bc0e21a) Importer(815301076,1909f56bfc062723c751e8b465ee728b)
Start importing Assets/Art/Textures/MATERIALS/PROPS/LP Closed 2.mat using Guid(c4de3e7954fdf52408f22d715bc0e21a) Importer(815301076,1909f56bfc062723c751e8b465ee728b) (PreviewImporter) -> (artifact id: '60987ae3523b3a0bc8674659ff5ba1c5') in 0.0233675 seconds
Number of updated asset objects reloaded before import = 0Number of asset objects unloaded after import = 2

========================================================================
Received Import Request.
  Time since last request: 9.959899 seconds.
  path: Assets/Art/Textures/MATERIALS/PROPS/LP Open 2.mat
  artifactKey: Guid(c8868feee46df474ab48c67e27c85bfe) Importer(815301076,1909f56bfc062723c751e8b465ee728b)
Start importing Assets/Art/Textures/MATERIALS/PROPS/LP Open 2.mat using Guid(c8868feee46df474ab48c67e27c85bfe) Importer(815301076,1909f56bfc062723c751e8b465ee728b) (PreviewImporter) -> (artifact id: '034987246fedd76124fff15fe278b4bd') in 0.0263575 seconds
Number of updated asset objects reloaded before import = 0Number of asset objects unloaded after import = 2

========================================================================
Received Import Request.
  Time since last request: 43.207955 seconds.
  path: Assets/Art/Textures/MATERIALS/PROPS/LP Open 3.mat
  artifactKey: Guid(8628fc183e20a904fb640fca43d90061) Importer(815301076,1909f56bfc062723c751e8b465ee728b)
Start importing Assets/Art/Textures/MATERIALS/PROPS/LP Open 3.mat using Guid(8628fc183e20a904fb640fca43d90061) Importer(815301076,1909f56bfc062723c751e8b465ee728b) (PreviewImporter) -> (artifact id: '4ff831a8db10ac7ae11bf7bdb9042f0a') in 0.0247842 seconds
Number of updated asset objects reloaded before import = 0Number of asset objects unloaded after import = 2

========================================================================
Received Import Request.
  Time since last request: 22.276356 seconds.
  path: Assets/Art/Textures/MATERIALS/PROPS/LP Open 4.mat
  artifactKey: Guid(b76530a861943ed4799a0452b0659341) Importer(815301076,1909f56bfc062723c751e8b465ee728b)
Start importing Assets/Art/Textures/MATERIALS/PROPS/LP Open 4.mat using Guid(b76530a861943ed4799a0452b0659341) Importer(815301076,1909f56bfc062723c751e8b465ee728b) (PreviewImporter) -> (artifact id: '60a7823c2d442bf4dc53e62429603418') in 0.0240793 seconds
Number of updated asset objects reloaded before import = 0Number of asset objects unloaded after import = 2

========================================================================
Received Import Request.
  Time since last request: 29.009736 seconds.
  path: Assets/Art/Textures/MATERIALS/PROPS/LP Closed 3.mat
  artifactKey: Guid(c4b7fee6fddb1794488c568471844444) Importer(815301076,1909f56bfc062723c751e8b465ee728b)
Start importing Assets/Art/Textures/MATERIALS/PROPS/LP Closed 3.mat using Guid(c4b7fee6fddb1794488c568471844444) Importer(815301076,1909f56bfc062723c751e8b465ee728b) (PreviewImporter) -> (artifact id: '90529b9fdadf4cbc0687964ae4588d81') in 0.0173452 seconds
Number of updated asset objects reloaded before import = 0Number of asset objects unloaded after import = 2

========================================================================
Received Import Request.
  Time since last request: 18.958583 seconds.
  path: Assets/Art/Textures/MATERIALS/PROPS/LP Closed 4.mat
  artifactKey: Guid(6392a3cf86fb2d9418a05109c04b3039) Importer(815301076,1909f56bfc062723c751e8b465ee728b)
Start importing Assets/Art/Textures/MATERIALS/PROPS/LP Closed 4.mat using Guid(6392a3cf86fb2d9418a05109c04b3039) Importer(815301076,1909f56bfc062723c751e8b465ee728b) (PreviewImporter) -> (artifact id: '53b2360155b35311845ac7d75516a935') in 0.0256795 seconds
Number of updated asset objects reloaded before import = 0Number of asset objects unloaded after import = 2

========================================================================
Received Import Request.
  Time since last request: 75.477532 seconds.
  path: Assets/Art/Textures/MATERIALS/PROPS/Vinyl Records
  artifactKey: Guid(a238e844b617d8f4a880daf28c9d9b09) Importer(815301076,1909f56bfc062723c751e8b465ee728b)
Start importing Assets/Art/Textures/MATERIALS/PROPS/Vinyl Records using Guid(a238e844b617d8f4a880daf28c9d9b09) Importer(815301076,1909f56bfc062723c751e8b465ee728b) (PreviewImporter) -> (artifact id: '9b30ba720ebae8716448f63c6435d3d0') in 0.0006078 seconds
Number of updated asset objects reloaded before import = 0Number of asset objects unloaded after import = 0

========================================================================
Received Import Request.
  Time since last request: 19.233308 seconds.
  path: Assets/Art/Textures/MATERIALS/PROPS/Vinyl Records/Open Vinyls
  artifactKey: Guid(23d6a0bc52022ae4b9af80a493661627) Importer(815301076,1909f56bfc062723c751e8b465ee728b)
Start importing Assets/Art/Textures/MATERIALS/PROPS/Vinyl Records/Open Vinyls using Guid(23d6a0bc52022ae4b9af80a493661627) Importer(815301076,1909f56bfc062723c751e8b465ee728b) (PreviewImporter) -> (artifact id: '75432d5973594da78b07ea3f68ca5c6c') in 0.0005499 seconds
Number of updated asset objects reloaded before import = 0Number of asset objects unloaded after import = 0

========================================================================
Received Import Request.
  Time since last request: 11.728721 seconds.
  path: Assets/Art/Textures/MATERIALS/PROPS/Vinyl Records/Closed Vinyls
  artifactKey: Guid(5b9e1673862eb874b8d29bd6222d8508) Importer(815301076,1909f56bfc062723c751e8b465ee728b)
Start importing Assets/Art/Textures/MATERIALS/PROPS/Vinyl Records/Closed Vinyls using Guid(5b9e1673862eb874b8d29bd6222d8508) Importer(815301076,1909f56bfc062723c751e8b465ee728b) (PreviewImporter) -> (artifact id: '9527044d82c83b76dac39a4c82f0dda3') in 0.0004079 seconds
Number of updated asset objects reloaded before import = 0Number of asset objects unloaded after import = 0

========================================================================
Received Import Request.
  Time since last request: 15.608953 seconds.
  path: Assets/Art/Textures/MATERIALS/PROPS/CD's
  artifactKey: Guid(8d3c00e4d13e46649ac95051bcfbceb7) Importer(815301076,1909f56bfc062723c751e8b465ee728b)
Start importing Assets/Art/Textures/MATERIALS/PROPS/CD's using Guid(8d3c00e4d13e46649ac95051bcfbceb7) Importer(815301076,1909f56bfc062723c751e8b465ee728b) (PreviewImporter) -> (artifact id: 'aa08cf1d6f58eeeb7063aa1811652beb') in 0.000457 seconds
Number of updated asset objects reloaded before import = 0Number of asset objects unloaded after import = 0

========================================================================
Received Import Request.
  Time since last request: 30.340124 seconds.
  path: Assets/Art/Textures/MATERIALS/PROPS/SketchBooks
  artifactKey: Guid(f0ba41e6b347b3241987efe6c1f4e7e2) Importer(815301076,1909f56bfc062723c751e8b465ee728b)
Start importing Assets/Art/Textures/MATERIALS/PROPS/SketchBooks using Guid(f0ba41e6b347b3241987efe6c1f4e7e2) Importer(815301076,1909f56bfc062723c751e8b465ee728b) (PreviewImporter) -> (artifact id: 'ebc82b8b715c2d6361fb5e934d496902') in 0.0004154 seconds
Number of updated asset objects reloaded before import = 0Number of asset objects unloaded after import = 0

========================================================================
Received Import Request.
  Time since last request: 10.148124 seconds.
  path: Assets/Art/Textures/MATERIALS/PROPS/SketchBooks/Sketchbook 1.mat
  artifactKey: Guid(2ea0d65537f09364484ce6bc4ab94ba2) Importer(815301076,1909f56bfc062723c751e8b465ee728b)
Start importing Assets/Art/Textures/MATERIALS/PROPS/SketchBooks/Sketchbook 1.mat using Guid(2ea0d65537f09364484ce6bc4ab94ba2) Importer(815301076,1909f56bfc062723c751e8b465ee728b) (PreviewImporter) -> (artifact id: '41c7f2be940788f9449330425d5c50dc') in 0.0172103 seconds
Number of updated asset objects reloaded before import = 0Number of asset objects unloaded after import = 1

========================================================================
Received Import Request.
  Time since last request: 18.807525 seconds.
  path: Assets/Art/Textures/MATERIALS/PROPS/SketchBooks/Comic 1.mat
  artifactKey: Guid(2ea0d65537f09364484ce6bc4ab94ba2) Importer(815301076,1909f56bfc062723c751e8b465ee728b)
Start importing Assets/Art/Textures/MATERIALS/PROPS/SketchBooks/Comic 1.mat using Guid(2ea0d65537f09364484ce6bc4ab94ba2) Importer(815301076,1909f56bfc062723c751e8b465ee728b) (PreviewImporter) -> (artifact id: '34e6b2398d973abf26e649471d1eb554') in 0.0223461 seconds
Number of updated asset objects reloaded before import = 0Number of asset objects unloaded after import = 2

========================================================================
Received Import Request.
  Time since last request: 1.240314 seconds.
  path: Assets/Art/Textures/MATERIALS/PROPS/SketchBooks/Comic 2.mat
  artifactKey: Guid(a9c17961dbd3e3e48af2e1c02705286e) Importer(815301076,1909f56bfc062723c751e8b465ee728b)
Start importing Assets/Art/Textures/MATERIALS/PROPS/SketchBooks/Comic 2.mat using Guid(a9c17961dbd3e3e48af2e1c02705286e) Importer(815301076,1909f56bfc062723c751e8b465ee728b) (PreviewImporter) -> (artifact id: '6a8a8f880ee40784461c35757c07d5ad') in 0.0215681 seconds
Number of updated asset objects reloaded before import = 0Number of asset objects unloaded after import = 2

========================================================================
Received Import Request.
  Time since last request: 0.604669 seconds.
  path: Assets/Art/Textures/MATERIALS/PROPS/SketchBooks/Comic 3.mat
  artifactKey: Guid(edc7e512b705b3f4a880c2e89a6b8db5) Importer(815301076,1909f56bfc062723c751e8b465ee728b)
Start importing Assets/Art/Textures/MATERIALS/PROPS/SketchBooks/Comic 3.mat using Guid(edc7e512b705b3f4a880c2e89a6b8db5) Importer(815301076,1909f56bfc062723c751e8b465ee728b) (PreviewImporter) -> (artifact id: '915968f5f97a9c567e8ae5908e4ad0b5') in 0.0277222 seconds
Number of updated asset objects reloaded before import = 0Number of asset objects unloaded after import = 2

========================================================================
Received Import Request.
  Time since last request: 2.372747 seconds.
  path: Assets/TextMesh Pro/Examples & Extras/Fonts/Electronic Highway Sign.TTF
  artifactKey: Guid(8a2b9e2a607dd2143b58c44bc32410b4) Importer(815301076,1909f56bfc062723c751e8b465ee728b)
Start importing Assets/TextMesh Pro/Examples & Extras/Fonts/Electronic Highway Sign.TTF using Guid(8a2b9e2a607dd2143b58c44bc32410b4) Importer(815301076,1909f56bfc062723c751e8b465ee728b) (PreviewImporter) -> (artifact id: '61c4549a77bd43ec9ca0c958a36d30f1') in 0.0175254 seconds
Number of updated asset objects reloaded before import = 0Number of asset objects unloaded after import = 4

========================================================================
Received Import Request.
  Time since last request: 0.000020 seconds.
  path: Assets/TextMesh Pro/Examples & Extras/Fonts/Roboto-Bold.ttf
  artifactKey: Guid(4beb055f07aaff244873dec698d0363e) Importer(815301076,1909f56bfc062723c751e8b465ee728b)
Start importing Assets/TextMesh Pro/Examples & Extras/Fonts/Roboto-Bold.ttf using Guid(4beb055f07aaff244873dec698d0363e) Importer(815301076,1909f56bfc062723c751e8b465ee728b) (PreviewImporter) -> (artifact id: 'd2a6a151ba1b3adbd4e8396daac4191b') in 0.0100273 seconds
Number of updated asset objects reloaded before import = 0Number of asset objects unloaded after import = 4

========================================================================
Received Import Request.
  Time since last request: 0.000018 seconds.
  path: Assets/TextMesh Pro/Examples & Extras/Textures/Fruit Jelly (B&W).jpg
  artifactKey: Guid(1cdc5b506b1a4a33a53c30669ced1f51) Importer(815301076,1909f56bfc062723c751e8b465ee728b)
Start importing Assets/TextMesh Pro/Examples & Extras/Textures/Fruit Jelly (B&W).jpg using Guid(1cdc5b506b1a4a33a53c30669ced1f51) Importer(815301076,1909f56bfc062723c751e8b465ee728b) (PreviewImporter) -> (artifact id: '3d3bddc0675ebec9fff671ef2fae685d') in 0.019143 seconds
Number of updated asset objects reloaded before import = 0Number of asset objects unloaded after import = 2

========================================================================
Received Import Request.
  Time since last request: 0.000021 seconds.
  path: Assets/Art/Textures/Props/Guitar3/guitar_3_sp_openPBR_shader1_MaskMap.png
  artifactKey: Guid(7fbb4c2d1f000b14e941705982987854) Importer(815301076,1909f56bfc062723c751e8b465ee728b)
Start importing Assets/Art/Textures/Props/Guitar3/guitar_3_sp_openPBR_shader1_MaskMap.png using Guid(7fbb4c2d1f000b14e941705982987854) Importer(815301076,1909f56bfc062723c751e8b465ee728b) (PreviewImporter) -> (artifact id: '69fc29b2e8b61185a1e05c5ae44380c7') in 0.025948 seconds
Number of updated asset objects reloaded before import = 0Number of asset objects unloaded after import = 2

========================================================================
Received Import Request.
  Time since last request: 0.000027 seconds.
  path: Assets/Art/Textures/Props/guitar thing/guitar_thing_sp_openPBR_shader1_Normal.png
  artifactKey: Guid(20af8d072adc5274e950d87e931e62a4) Importer(815301076,1909f56bfc062723c751e8b465ee728b)
Start importing Assets/Art/Textures/Props/guitar thing/guitar_thing_sp_openPBR_shader1_Normal.png using Guid(20af8d072adc5274e950d87e931e62a4) Importer(815301076,1909f56bfc062723c751e8b465ee728b) (PreviewImporter) -> (artifact id: '74962d951eb5d1473c5e77c18dd06f01') in 0.0165679 seconds
Number of updated asset objects reloaded before import = 0Number of asset objects unloaded after import = 2

========================================================================
Received Import Request.
  Time since last request: 0.000032 seconds.
  path: Assets/Art/Textures/Props/Guitar Head/guitar_head_sp_openPBR_shader1_MaskMap.png
  artifactKey: Guid(b755be20a63d14f4eaa86f5112a36d59) Importer(815301076,1909f56bfc062723c751e8b465ee728b)
Start importing Assets/Art/Textures/Props/Guitar Head/guitar_head_sp_openPBR_shader1_MaskMap.png using Guid(b755be20a63d14f4eaa86f5112a36d59) Importer(815301076,1909f56bfc062723c751e8b465ee728b) (PreviewImporter) -> (artifact id: 'f36656997b6551a0dc37c9e1c3366c79') in 0.0193198 seconds
Number of updated asset objects reloaded before import = 0Number of asset objects unloaded after import = 2

========================================================================
Received Import Request.
  Time since last request: 0.000022 seconds.
  path: Assets/Art/Textures/Props/Guitar3/guitar_3_sp_openPBR_shader1_Normal.png
  artifactKey: Guid(50d1ce25b619b9241bd5d5b7aadfbdfa) Importer(815301076,1909f56bfc062723c751e8b465ee728b)
Start importing Assets/Art/Textures/Props/Guitar3/guitar_3_sp_openPBR_shader1_Normal.png using Guid(50d1ce25b619b9241bd5d5b7aadfbdfa) Importer(815301076,1909f56bfc062723c751e8b465ee728b) (PreviewImporter) -> (artifact id: 'cb728f1dd245136bbe5b737d3c8fc241') in 0.0195085 seconds
Number of updated asset objects reloaded before import = 0Number of asset objects unloaded after import = 2

========================================================================
Received Import Request.
  Time since last request: 0.000021 seconds.
  path: Assets/Art/Textures/Props/guitar thing/guitar_thing_sp_openPBR_shader1_MaskMap.png
  artifactKey: Guid(7f38aad00c99ed047af099530d83363e) Importer(815301076,1909f56bfc062723c751e8b465ee728b)
Start importing Assets/Art/Textures/Props/guitar thing/guitar_thing_sp_openPBR_shader1_MaskMap.png using Guid(7f38aad00c99ed047af099530d83363e) Importer(815301076,1909f56bfc062723c751e8b465ee728b) (PreviewImporter) -> (artifact id: '6472ffbba6b82b1bbae37b4d77b796e7') in 0.0178259 seconds
Number of updated asset objects reloaded before import = 0Number of asset objects unloaded after import = 2

========================================================================
Received Import Request.
  Time since last request: 0.000019 seconds.
  path: Assets/Art/Textures/Props/Lamp/lamp1_sp_openPBR_shader1_Normal.png
  artifactKey: Guid(1870f5dcdd5a93c4491452d6d9479296) Importer(815301076,1909f56bfc062723c751e8b465ee728b)
Start importing Assets/Art/Textures/Props/Lamp/lamp1_sp_openPBR_shader1_Normal.png using Guid(1870f5dcdd5a93c4491452d6d9479296) Importer(815301076,1909f56bfc062723c751e8b465ee728b) (PreviewImporter) -> (artifact id: '78891b6cd90dd55bc0518788c11f6810') in 0.0157733 seconds
Number of updated asset objects reloaded before import = 0Number of asset objects unloaded after import = 2

========================================================================
Received Import Request.
  Time since last request: 0.000023 seconds.
  path: Assets/Art/Textures/Props/Guitar Head/guitar_head_sp_openPBR_shader1_BaseMap.png
  artifactKey: Guid(c6d964304903f4f4b87a9ea679e2e844) Importer(815301076,1909f56bfc062723c751e8b465ee728b)
Start importing Assets/Art/Textures/Props/Guitar Head/guitar_head_sp_openPBR_shader1_BaseMap.png using Guid(c6d964304903f4f4b87a9ea679e2e844) Importer(815301076,1909f56bfc062723c751e8b465ee728b) (PreviewImporter) -> (artifact id: 'bec21245a483c10b66a589a0da822d0d') in 0.0208495 seconds
Number of updated asset objects reloaded before import = 0Number of asset objects unloaded after import = 2

========================================================================
Received Import Request.
  Time since last request: 12.469705 seconds.
  path: Assets/Art/Textures/MATERIALS/PROPS/SketchBooks/Comic 2.mat
  artifactKey: Guid(a9c17961dbd3e3e48af2e1c02705286e) Importer(815301076,1909f56bfc062723c751e8b465ee728b)
Start importing Assets/Art/Textures/MATERIALS/PROPS/SketchBooks/Comic 2.mat using Guid(a9c17961dbd3e3e48af2e1c02705286e) Importer(815301076,1909f56bfc062723c751e8b465ee728b) (PreviewImporter) -> (artifact id: 'cc31832fbabee522a9e126a7528c63d2') in 0.0286252 seconds
Number of updated asset objects reloaded before import = 0Number of asset objects unloaded after import = 2

========================================================================
Received Import Request.
  Time since last request: 0.174235 seconds.
  path: Assets/Art/Textures/MATERIALS/PROPS/SketchBooks/Comic 3.mat
  artifactKey: Guid(edc7e512b705b3f4a880c2e89a6b8db5) Importer(815301076,1909f56bfc062723c751e8b465ee728b)
Start importing Assets/Art/Textures/MATERIALS/PROPS/SketchBooks/Comic 3.mat using Guid(edc7e512b705b3f4a880c2e89a6b8db5) Importer(815301076,1909f56bfc062723c751e8b465ee728b) (PreviewImporter) -> (artifact id: '19a30aab2b34628d9821c0f94131565a') in 0.018861 seconds
Number of updated asset objects reloaded before import = 0Number of asset objects unloaded after import = 2

========================================================================
Received Import Request.
  Time since last request: 0.206876 seconds.
  path: Assets/Art/Textures/MATERIALS/PROPS/SketchBooks/Comic 5.mat
  artifactKey: Guid(e451107b66f00ac4ea3d61eb1471a55e) Importer(815301076,1909f56bfc062723c751e8b465ee728b)
Start importing Assets/Art/Textures/MATERIALS/PROPS/SketchBooks/Comic 5.mat using Guid(e451107b66f00ac4ea3d61eb1471a55e) Importer(815301076,1909f56bfc062723c751e8b465ee728b) (PreviewImporter) -> (artifact id: 'ace5e4c89439df78913239ac62631c14') in 0.0183952 seconds
Number of updated asset objects reloaded before import = 0Number of asset objects unloaded after import = 2

Editor requested this worker to shutdown with reason: Scaling down because of idle timeout
AssetImportWorker is now disconnected from the server
Process exiting
Exiting without the bug reporter. Application will terminate with return code 0