Using pre-set license
Built from '6000.0/staging' branch; Version is '6000.0.56f1 (9c7b5e468860) revision 10255198'; Using compiler version '193933523'; Build Type 'Release'
OS: 'Windows 11  (10.0.26100) 64bit Core' Language: 'en' Physical Memory: 16077 MB
BatchMode: 1, IsHumanControllingUs: 0, StartBugReporterOnCrash: 0, Is64bit: 1
Date: 2026-06-30T09:05:41Z

COMMAND LINE ARGUMENTS:
C:\Program Files\Unity\Hub\Editor\6000.0.56f1\Editor\Unity.exe
-adb2
-batchMode
-noUpm
-name
AssetImportWorker1
-projectPath
C:/Users/ingma/OneDrive - Saxion/Desktop/School/CMGT/Project New Horizons/SketchPunk/Project-New-Horizons
-logFile
Logs/AssetImportWorker1.log
-srvPort
54262
-job-worker-count
5
-background-job-worker-count
8
-gc-helper-count
1
-name
AssetImport
Successfully changed project path to: C:/Users/ingma/OneDrive - Saxion/Desktop/School/CMGT/Project New Horizons/SketchPunk/Project-New-Horizons
C:/Users/ingma/OneDrive - Saxion/Desktop/School/CMGT/Project New Horizons/SketchPunk/Project-New-Horizons
[UnityMemory] Configuration Parameters - Can be set up in boot.config
    "memorysetup-bucket-allocator-granularity=16"
    "memorysetup-bucket-allocator-bucket-count=8"
    "memorysetup-bucket-allocator-block-size=33554432"
    "memorysetup-bucket-allocator-block-count=8"
    "memorysetup-main-allocator-block-size=16777216"
    "memorysetup-thread-allocator-block-size=16777216"
    "memorysetup-gfx-main-allocator-block-size=16777216"
    "memorysetup-gfx-thread-allocator-block-size=16777216"
    "memorysetup-cache-allocator-block-size=4194304"
    "memorysetup-typetree-allocator-block-size=2097152"
    "memorysetup-profiler-bucket-allocator-granularity=16"
    "memorysetup-profiler-bucket-allocator-bucket-count=8"
    "memorysetup-profiler-bucket-allocator-block-size=33554432"
    "memorysetup-profiler-bucket-allocator-block-count=8"
    "memorysetup-profiler-allocator-block-size=16777216"
    "memorysetup-profiler-editor-allocator-block-size=1048576"
    "memorysetup-temp-allocator-size-main=16777216"
    "memorysetup-job-temp-allocator-block-size=2097152"
    "memorysetup-job-temp-allocator-block-size-background=1048576"
    "memorysetup-job-temp-allocator-reduction-small-platforms=262144"
    "memorysetup-allocator-temp-initial-block-size-main=262144"
    "memorysetup-allocator-temp-initial-block-size-worker=262144"
    "memorysetup-temp-allocator-size-background-worker=32768"
    "memorysetup-temp-allocator-size-job-worker=262144"
    "memorysetup-temp-allocator-size-preload-manager=33554432"
    "memorysetup-temp-allocator-size-nav-mesh-worker=65536"
    "memorysetup-temp-allocator-size-audio-worker=65536"
    "memorysetup-temp-allocator-size-cloud-worker=32768"
    "memorysetup-temp-allocator-size-gi-baking-worker=262144"
    "memorysetup-temp-allocator-size-gi-baking-worker=262144"
    "memorysetup-temp-allocator-size-gi-baking-worker=262144"
    "memorysetup-temp-allocator-size-gi-baking-worker=262144"
    "memorysetup-temp-allocator-size-gi-baking-worker=262144"
    "memorysetup-temp-allocator-size-gfx=262144"
Player connection [11748]  Target information:

Player connection [11748]  * "[IP] 10.5.0.2 [Port] 0 [Flags] 2 [Guid] 2695472472 [EditorId] 2695472472 [Version] 1048832 [Id] WindowsEditor(7,Laptop-Ingmar) [Debug] 1 [PackageName] WindowsEditor [ProjectName] Editor" 

Player connection [11748]  * "[IP] 10.100.0.2 [Port] 0 [Flags] 2 [Guid] 2695472472 [EditorId] 2695472472 [Version] 1048832 [Id] WindowsEditor(7,Laptop-Ingmar) [Debug] 1 [PackageName] WindowsEditor [ProjectName] Editor" 

Player connection [11748]  * "[IP] 145.76.84.100 [Port] 0 [Flags] 2 [Guid] 2695472472 [EditorId] 2695472472 [Version] 1048832 [Id] WindowsEditor(7,Laptop-Ingmar) [Debug] 1 [PackageName] WindowsEditor [ProjectName] Editor" 

Player connection [11748] Host joined multi-casting on [225.0.0.222:54997]...
Player connection [11748] Host joined alternative multi-casting on [225.0.0.222:34997]...
JobSystem: Creating JobQueue using job-worker-count value 5
Input System module state changed to: Initialized.
[Physics::Module] Initialized fallback backend.
[Physics::Module] Id: 0xdecafbad
Library Redirect Path: Library/
[Physics::Module] Selected backend.
[Physics::Module] Name: PhysX
[Physics::Module] Id: 0xf2b8ea05
[Physics::Module] SDK Version: 4.1.2
[Physics::Module] Integration Version: 1.0.0
[Physics::Module] Threading Mode: Multi-Threaded
Refreshing native plugins compatible for Editor in 2357.36 ms, found 11 plugins.
Preloading 0 native plugins for Editor in 0.00 ms.
Initialize engine version: 6000.0.56f1 (9c7b5e468860)
[Subsystems] Discovering subsystems at path C:/Program Files/Unity/Hub/Editor/6000.0.56f1/Editor/Data/Resources/UnitySubsystems
[Subsystems] Discovering subsystems at path C:/Users/ingma/OneDrive - Saxion/Desktop/School/CMGT/Project New Horizons/SketchPunk/Project-New-Horizons/Assets
GfxDevice: creating device client; kGfxThreadingModeNonThreaded
Direct3D:
    Version:  Direct3D 11.0 [level 11.1]
    Renderer: Intel(R) Iris(R) Xe Graphics (ID=0x46a8)
    Vendor:   Intel
    VRAM:     8038 MB
    Driver:   31.0.101.4255
Initialize mono
Mono path[0] = 'C:/Program Files/Unity/Hub/Editor/6000.0.56f1/Editor/Data/Managed'
Mono path[1] = 'C:/Program Files/Unity/Hub/Editor/6000.0.56f1/Editor/Data/MonoBleedingEdge/lib/mono/unityjit-win32'
Mono config path = 'C:/Program Files/Unity/Hub/Editor/6000.0.56f1/Editor/Data/MonoBleedingEdge/etc'
Using monoOptions --debugger-agent=transport=dt_socket,embedding=1,server=y,suspend=n,address=127.0.0.1:56684
Begin MonoManager ReloadAssembly
Registering precompiled unity dll's ...
Register platform support module: C:/Program Files/Unity/Hub/Editor/6000.0.56f1/Editor/Data/PlaybackEngines/WebGLSupport/UnityEditor.WebGL.Extensions.dll
Register platform support module: C:/Program Files/Unity/Hub/Editor/6000.0.56f1/Editor/Data/PlaybackEngines/WindowsStandaloneSupport/UnityEditor.WindowsStandalone.Extensions.dll
Register platform support module: C:/Program Files/Unity/Hub/Editor/6000.0.56f1/Editor/Data/PlaybackEngines/AndroidPlayer/UnityEditor.Android.Extensions.dll
Registered in 1.322378 seconds.
- Loaded All Assemblies, in 20.306 seconds
Native extension for Android target not found
Android Extension - Scanning For ADB Devices 344 ms
Native extension for WindowsStandalone target not found
Native extension for WebGL target not found
Mono: successfully reloaded assembly
- Finished resetting the current domain, in  0.822 seconds
Domain Reload Profiling: 21122ms
	BeginReloadAssembly (17408ms)
		ExecutionOrderSort (0ms)
		DisableScriptedObjects (0ms)
		BackupInstance (0ms)
		ReleaseScriptingObjects (0ms)
		CreateAndSetChildDomain (2ms)
	RebuildCommonClasses (40ms)
	RebuildNativeTypeToScriptingClass (10ms)
	initialDomainReloadingComplete (1373ms)
	LoadAllAssembliesAndSetupDomain (1468ms)
		LoadAssemblies (17387ms)
		RebuildTransferFunctionScriptingTraits (0ms)
		AnalyzeDomain (1460ms)
			TypeCache.Refresh (1458ms)
				TypeCache.ScanAssembly (1440ms)
			BuildScriptInfoCaches (0ms)
			ResolveRequiredComponents (1ms)
	FinalizeReload (823ms)
		ReleaseScriptCaches (0ms)
		RebuildScriptCaches (0ms)
		SetupLoadedEditorAssemblies (774ms)
			LogAssemblyErrors (0ms)
			InitializePlatformSupportModulesInManaged (453ms)
			SetLoadedEditorAssemblies (4ms)
			BeforeProcessingInitializeOnLoad (87ms)
			ProcessInitializeOnLoadAttributes (167ms)
			ProcessInitializeOnLoadMethodAttributes (62ms)
			AfterProcessingInitializeOnLoad (0ms)
			EditorAssembliesLoaded (0ms)
		ExecutionOrderSort2 (0ms)
		AwakeInstancesAfterBackupRestoration (0ms)
========================================================================
Worker process is ready to serve import requests
Import Worker Mode flag is 0x00
Begin MonoManager ReloadAssembly
- Loaded All Assemblies, in 22.669 seconds
Refreshing native plugins compatible for Editor in 42.87 ms, found 11 plugins.
Native extension for Android target not found
Native extension for WindowsStandalone target not found
Native extension for WebGL target not found
Package Manager log level set to [2]
[Package Manager] Failed to launch server process. Reason: Unity was launched with the -noUpm command-line argument
[Package Manager] Unable to send message (not connected to server process).
[Package Manager] Cannot connect to Unity Package Manager local server
[MODES] ModeService[none].Initialize
[MODES] ModeService[none].LoadModes
[MODES] Loading mode Default (0) for mode-current-id-Project-New-Horizons
Mono: successfully reloaded assembly
[Package Manager] Failed to launch server process. Reason: Unity was launched with the -noUpm command-line argument
[Package Manager] Unable to send message (not connected to server process).
[Package Manager] Cannot connect to Unity Package Manager local server
[Package Manager] Failed to launch server process. Reason: Unity was launched with the -noUpm command-line argument
[Package Manager] Unable to send message (not connected to server process).
[Package Manager] Cannot connect to Unity Package Manager local server
- Finished resetting the current domain, in  1.316 seconds
Domain Reload Profiling: 23959ms
	BeginReloadAssembly (191ms)
		ExecutionOrderSort (0ms)
		DisableScriptedObjects (6ms)
		BackupInstance (0ms)
		ReleaseScriptingObjects (0ms)
		CreateAndSetChildDomain (30ms)
	RebuildCommonClasses (36ms)
	RebuildNativeTypeToScriptingClass (11ms)
	initialDomainReloadingComplete (44ms)
	LoadAllAssembliesAndSetupDomain (22361ms)
		LoadAssemblies (22120ms)
		RebuildTransferFunctionScriptingTraits (0ms)
		AnalyzeDomain (357ms)
			TypeCache.Refresh (226ms)
				TypeCache.ScanAssembly (202ms)
			BuildScriptInfoCaches (115ms)
			ResolveRequiredComponents (11ms)
	FinalizeReload (1316ms)
		ReleaseScriptCaches (0ms)
		RebuildScriptCaches (0ms)
		SetupLoadedEditorAssemblies (1066ms)
			LogAssemblyErrors (0ms)
			InitializePlatformSupportModulesInManaged (12ms)
			SetLoadedEditorAssemblies (5ms)
			BeforeProcessingInitializeOnLoad (198ms)
			ProcessInitializeOnLoadAttributes (732ms)
			ProcessInitializeOnLoadMethodAttributes (114ms)
			AfterProcessingInitializeOnLoad (5ms)
			EditorAssembliesLoaded (0ms)
		ExecutionOrderSort2 (0ms)
		AwakeInstancesAfterBackupRestoration (6ms)
Launched and connected shader compiler UnityShaderCompiler.exe after 0.03 seconds
Refreshing native plugins compatible for Editor in 25.77 ms, found 11 plugins.
Preloading 0 native plugins for Editor in 0.00 ms.
Unloading 14 Unused Serialized files (Serialized files now loaded: 0)
Unloading 7397 unused Assets / (4.6 MB). Loaded Objects now: 8024.
Memory consumption went from 137.9 MB to 133.3 MB.
Total: 14.685900 ms (FindLiveObjects: 2.163800 ms CreateObjectMapping: 0.692400 ms MarkObjects: 8.008200 ms  DeleteObjects: 3.818300 ms)

========================================================================
Received Import Request.
  Time since last request: 435513.746470 seconds.
  path: Assets/InputSystem_Actions.inputactions
  artifactKey: Guid(052faaac586de48259a63d0c4782560b) Importer(815301076,1909f56bfc062723c751e8b465ee728b)
Start importing Assets/InputSystem_Actions.inputactions using Guid(052faaac586de48259a63d0c4782560b) Importer(815301076,1909f56bfc062723c751e8b465ee728b) (PreviewImporter) -> (artifact id: '9807b623dd8eba1190111135c632967b') in 0.0691066 seconds
Number of updated asset objects reloaded before import = 0Number of asset objects unloaded after import = 20

========================================================================
Received Prepare
Begin MonoManager ReloadAssembly
- Loaded All Assemblies, in  2.905 seconds
Refreshing native plugins compatible for Editor in 102.68 ms, found 11 plugins.
Native extension for Android target not found
Native extension for WindowsStandalone target not found
Native extension for WebGL target not found
[Package Manager] Failed to launch server process. Reason: Unity was launched with the -noUpm command-line argument
[Package Manager] Unable to send message (not connected to server process).
[Package Manager] Cannot connect to Unity Package Manager local server
[MODES] ModeService[none].Initialize
[MODES] ModeService[none].LoadModes
Mono: successfully reloaded assembly
[Package Manager] Failed to launch server process. Reason: Unity was launched with the -noUpm command-line argument
[Package Manager] Unable to send message (not connected to server process).
[Package Manager] Cannot connect to Unity Package Manager local server
- Finished resetting the current domain, in  2.940 seconds
Domain Reload Profiling: 5843ms
	BeginReloadAssembly (816ms)
		ExecutionOrderSort (0ms)
		DisableScriptedObjects (31ms)
		BackupInstance (0ms)
		ReleaseScriptingObjects (1ms)
		CreateAndSetChildDomain (218ms)
	RebuildCommonClasses (76ms)
	RebuildNativeTypeToScriptingClass (25ms)
	initialDomainReloadingComplete (75ms)
	LoadAllAssembliesAndSetupDomain (1910ms)
		LoadAssemblies (1426ms)
		RebuildTransferFunctionScriptingTraits (0ms)
		AnalyzeDomain (775ms)
			TypeCache.Refresh (58ms)
				TypeCache.ScanAssembly (0ms)
			BuildScriptInfoCaches (659ms)
			ResolveRequiredComponents (37ms)
	FinalizeReload (2941ms)
		ReleaseScriptCaches (0ms)
		RebuildScriptCaches (0ms)
		SetupLoadedEditorAssemblies (2450ms)
			LogAssemblyErrors (0ms)
			InitializePlatformSupportModulesInManaged (54ms)
			SetLoadedEditorAssemblies (20ms)
			BeforeProcessingInitializeOnLoad (608ms)
			ProcessInitializeOnLoadAttributes (1580ms)
			ProcessInitializeOnLoadMethodAttributes (180ms)
			AfterProcessingInitializeOnLoad (7ms)
			EditorAssembliesLoaded (1ms)
		ExecutionOrderSort2 (0ms)
		AwakeInstancesAfterBackupRestoration (23ms)
Refreshing native plugins compatible for Editor in 22.95 ms, found 11 plugins.
Preloading 0 native plugins for Editor in 0.00 ms.
Unloading 14 Unused Serialized files (Serialized files now loaded: 0)
Unloading 7395 unused Assets / (4.8 MB). Loaded Objects now: 8043.
Memory consumption went from 149.6 MB to 144.8 MB.
Total: 14.239000 ms (FindLiveObjects: 1.457900 ms CreateObjectMapping: 1.396400 ms MarkObjects: 7.502000 ms  DeleteObjects: 3.879100 ms)

Prepare: number of updated asset objects reloaded= 0
========================================================================
Received Import Request.
  Time since last request: 110.356998 seconds.
  path: Assets/Readme.asset
  artifactKey: Guid(8105016687592461f977c054a80ce2f2) Importer(815301076,1909f56bfc062723c751e8b465ee728b)
Start importing Assets/Readme.asset using Guid(8105016687592461f977c054a80ce2f2) Importer(815301076,1909f56bfc062723c751e8b465ee728b) (PreviewImporter) -> (artifact id: '5af3b5deee135fd13e39602dff939a3d') in 0.04164 seconds
Number of updated asset objects reloaded before import = 0Number of asset objects unloaded after import = 2

========================================================================
Received Prepare
Begin MonoManager ReloadAssembly
- Loaded All Assemblies, in  2.310 seconds
Refreshing native plugins compatible for Editor in 93.38 ms, found 11 plugins.
Native extension for Android target not found
Native extension for WindowsStandalone target not found
Native extension for WebGL target not found
[Package Manager] Failed to launch server process. Reason: Unity was launched with the -noUpm command-line argument
[Package Manager] Unable to send message (not connected to server process).
[Package Manager] Cannot connect to Unity Package Manager local server
[MODES] ModeService[none].Initialize
[MODES] ModeService[none].LoadModes
Mono: successfully reloaded assembly
[Package Manager] Failed to launch server process. Reason: Unity was launched with the -noUpm command-line argument
[Package Manager] Unable to send message (not connected to server process).
[Package Manager] Cannot connect to Unity Package Manager local server
- Finished resetting the current domain, in  3.034 seconds
Domain Reload Profiling: 5322ms
	BeginReloadAssembly (486ms)
		ExecutionOrderSort (0ms)
		DisableScriptedObjects (21ms)
		BackupInstance (0ms)
		ReleaseScriptingObjects (1ms)
		CreateAndSetChildDomain (121ms)
	RebuildCommonClasses (72ms)
	RebuildNativeTypeToScriptingClass (28ms)
	initialDomainReloadingComplete (82ms)
	LoadAllAssembliesAndSetupDomain (1618ms)
		LoadAssemblies (1298ms)
		RebuildTransferFunctionScriptingTraits (0ms)
		AnalyzeDomain (487ms)
			TypeCache.Refresh (21ms)
				TypeCache.ScanAssembly (0ms)
			BuildScriptInfoCaches (436ms)
			ResolveRequiredComponents (20ms)
	FinalizeReload (3035ms)
		ReleaseScriptCaches (0ms)
		RebuildScriptCaches (0ms)
		SetupLoadedEditorAssemblies (2546ms)
			LogAssemblyErrors (0ms)
			InitializePlatformSupportModulesInManaged (38ms)
			SetLoadedEditorAssemblies (18ms)
			BeforeProcessingInitializeOnLoad (653ms)
			ProcessInitializeOnLoadAttributes (1519ms)
			ProcessInitializeOnLoadMethodAttributes (300ms)
			AfterProcessingInitializeOnLoad (17ms)
			EditorAssembliesLoaded (1ms)
		ExecutionOrderSort2 (0ms)
		AwakeInstancesAfterBackupRestoration (33ms)
Refreshing native plugins compatible for Editor in 91.48 ms, found 11 plugins.
Preloading 0 native plugins for Editor in 0.00 ms.
Unloading 14 Unused Serialized files (Serialized files now loaded: 0)
Unloading 7395 unused Assets / (6.0 MB). Loaded Objects now: 8054.
Memory consumption went from 149.7 MB to 143.7 MB.
Total: 33.033300 ms (FindLiveObjects: 1.472700 ms CreateObjectMapping: 2.309300 ms MarkObjects: 20.329800 ms  DeleteObjects: 8.916800 ms)

Prepare: number of updated asset objects reloaded= 0
========================================================================
Received Prepare
Refreshing native plugins compatible for Editor in 87.86 ms, found 11 plugins.
Preloading 0 native plugins for Editor in 0.00 ms.
Unloading 14 Unused Serialized files (Serialized files now loaded: 0)
Unloading 14 unused Assets / (1.9 MB). Loaded Objects now: 8054.
Memory consumption went from 144.0 MB to 142.2 MB.
Total: 70.386400 ms (FindLiveObjects: 0.835400 ms CreateObjectMapping: 0.400500 ms MarkObjects: 68.554500 ms  DeleteObjects: 0.591800 ms)

Prepare: number of updated asset objects reloaded= 0
========================================================================
Received Import Request.
  Time since last request: 2021.543183 seconds.
  path: Assets/Art/UI/health_bar.png
  artifactKey: Guid(fd6bf3f441ab7ba4eaf405232974827c) Importer(815301076,1909f56bfc062723c751e8b465ee728b)
Start importing Assets/Art/UI/health_bar.png using Guid(fd6bf3f441ab7ba4eaf405232974827c) Importer(815301076,1909f56bfc062723c751e8b465ee728b) (PreviewImporter) -> (artifact id: '317edadf23067ecf5ec2fedcb4419b6a') in 0.8430495 seconds
Number of updated asset objects reloaded before import = 0Number of asset objects unloaded after import = 3

========================================================================
Received Import Request.
  Time since last request: 0.000036 seconds.
  path: Assets/Art/UI/pause_button.png
  artifactKey: Guid(17df509322a436b4f8bfe81dcd0d5083) Importer(815301076,1909f56bfc062723c751e8b465ee728b)
Start importing Assets/Art/UI/pause_button.png using Guid(17df509322a436b4f8bfe81dcd0d5083) Importer(815301076,1909f56bfc062723c751e8b465ee728b) (PreviewImporter) -> (artifact id: '0c35c528101f42ade7d8f642f513db58') in 0.0415384 seconds
Number of updated asset objects reloaded before import = 0Number of asset objects unloaded after import = 3

========================================================================
Received Import Request.
  Time since last request: 0.000042 seconds.
  path: Assets/Art/UI/jump_button.png
  artifactKey: Guid(b8c532420949f2a4ca8d84ade6e4e017) Importer(815301076,1909f56bfc062723c751e8b465ee728b)
Start importing Assets/Art/UI/jump_button.png using Guid(b8c532420949f2a4ca8d84ade6e4e017) Importer(815301076,1909f56bfc062723c751e8b465ee728b) (PreviewImporter) -> (artifact id: '0f1ec6fa2a3c4504f1c2530570aa87a6') in 0.0401543 seconds
Number of updated asset objects reloaded before import = 0Number of asset objects unloaded after import = 3

========================================================================
Received Import Request.
  Time since last request: 0.000020 seconds.
  path: Assets/Art/UI/progress_bar.png
  artifactKey: Guid(d51066b2bbc0daa44b527e555cc20c92) Importer(815301076,1909f56bfc062723c751e8b465ee728b)
Start importing Assets/Art/UI/progress_bar.png using Guid(d51066b2bbc0daa44b527e555cc20c92) Importer(815301076,1909f56bfc062723c751e8b465ee728b) (PreviewImporter) -> (artifact id: '932f8675652426fa7eb29b74c3c21357') in 0.0336558 seconds
Number of updated asset objects reloaded before import = 0Number of asset objects unloaded after import = 3

========================================================================
Received Import Request.
  Time since last request: 0.000120 seconds.
  path: Assets/Art/UI/health_bar_outline.png
  artifactKey: Guid(0f642057826a665408732299d32b77f7) Importer(815301076,1909f56bfc062723c751e8b465ee728b)
Start importing Assets/Art/UI/health_bar_outline.png using Guid(0f642057826a665408732299d32b77f7) Importer(815301076,1909f56bfc062723c751e8b465ee728b) (PreviewImporter) -> (artifact id: '1094037c8005e4140ab23a86e531a886') in 0.0444664 seconds
Number of updated asset objects reloaded before import = 0Number of asset objects unloaded after import = 3

========================================================================
Received Import Request.
  Time since last request: 0.000045 seconds.
  path: Assets/Art/UI/health_bar_fill.png
  artifactKey: Guid(1e8a0be63c18b8541b5d76529a71671b) Importer(815301076,1909f56bfc062723c751e8b465ee728b)
Start importing Assets/Art/UI/health_bar_fill.png using Guid(1e8a0be63c18b8541b5d76529a71671b) Importer(815301076,1909f56bfc062723c751e8b465ee728b) (PreviewImporter) -> (artifact id: '8f3a8419378ccf30d6ef977defbc36df') in 0.0427041 seconds
Number of updated asset objects reloaded before import = 0Number of asset objects unloaded after import = 3

========================================================================
Received Import Request.
  Time since last request: 1.753026 seconds.
  path: Assets/Art/IMPORT/Amplifier1_mini_sp 1.fbx
  artifactKey: Guid(e6c6631972dcd2f47a2d63171eab65d3) Importer(815301076,1909f56bfc062723c751e8b465ee728b)
Start importing Assets/Art/IMPORT/Amplifier1_mini_sp 1.fbx using Guid(e6c6631972dcd2f47a2d63171eab65d3) Importer(815301076,1909f56bfc062723c751e8b465ee728b) (PreviewImporter) -> (artifact id: 'f5fc91427f120af6d597b1c8f2801099') in 9.1486342 seconds
Number of updated asset objects reloaded before import = 0Number of asset objects unloaded after import = 15

========================================================================
Received Import Request.
  Time since last request: 0.000349 seconds.
  path: Assets/Art/3D PREFABS/note2_sp.prefab
  artifactKey: Guid(1243553e3b59ee74297f39d4fa0948d2) Importer(815301076,1909f56bfc062723c751e8b465ee728b)
Start importing Assets/Art/3D PREFABS/note2_sp.prefab using Guid(1243553e3b59ee74297f39d4fa0948d2) Importer(815301076,1909f56bfc062723c751e8b465ee728b) (PreviewImporter) -> (artifact id: '017b8d1b12105c62dd3b062e40a7e10a') in 7.0434289 seconds
Number of updated asset objects reloaded before import = 0Number of asset objects unloaded after import = 8

========================================================================
Received Import Request.
  Time since last request: 0.000115 seconds.
  path: Assets/Art/3D PREFABS/Vinyl_record_close_sp (1).prefab
  artifactKey: Guid(b4f03395136cc2542aeb27675afe27f5) Importer(815301076,1909f56bfc062723c751e8b465ee728b)
Start importing Assets/Art/3D PREFABS/Vinyl_record_close_sp (1).prefab using Guid(b4f03395136cc2542aeb27675afe27f5) Importer(815301076,1909f56bfc062723c751e8b465ee728b) (PreviewImporter) -> (artifact id: '48c3ec066f83c6b33562c85ac436be94') in 0.0416864 seconds
Number of updated asset objects reloaded before import = 0Number of asset objects unloaded after import = 8

========================================================================
Received Import Request.
  Time since last request: 0.000053 seconds.
  path: Assets/Art/IMPORT/Amplifier_small_sp.fbx
  artifactKey: Guid(3b1f16cf78ff96045804755043c7206f) Importer(815301076,1909f56bfc062723c751e8b465ee728b)
Start importing Assets/Art/IMPORT/Amplifier_small_sp.fbx using Guid(3b1f16cf78ff96045804755043c7206f) Importer(815301076,1909f56bfc062723c751e8b465ee728b) (PreviewImporter) -> (artifact id: '55b487d1d4d99f9365761b08654d5fb4') in 0.5526054 seconds
Number of updated asset objects reloaded before import = 0Number of asset objects unloaded after import = 90

========================================================================
Received Import Request.
  Time since last request: 0.000080 seconds.
  path: Assets/Art/3D PREFABS/Mic_sp (1).prefab
  artifactKey: Guid(441934f153b8c0646a247d128232d23e) Importer(815301076,1909f56bfc062723c751e8b465ee728b)
Start importing Assets/Art/3D PREFABS/Mic_sp (1).prefab using Guid(441934f153b8c0646a247d128232d23e) Importer(815301076,1909f56bfc062723c751e8b465ee728b) (PreviewImporter) -> (artifact id: '43126c79cddfedb71526a07bd43be696') in 0.0597286 seconds
Number of updated asset objects reloaded before import = 0Number of asset objects unloaded after import = 55

========================================================================
Received Import Request.
  Time since last request: 0.000085 seconds.
  path: Assets/Art/3D PREFABS/floor_sp.prefab
  artifactKey: Guid(69abff85d5bdcd748ab69e07f57a4e93) Importer(815301076,1909f56bfc062723c751e8b465ee728b)
Start importing Assets/Art/3D PREFABS/floor_sp.prefab using Guid(69abff85d5bdcd748ab69e07f57a4e93) Importer(815301076,1909f56bfc062723c751e8b465ee728b) (PreviewImporter) -> (artifact id: 'ad6a87bccc1a47cd817ca3cfd4f71d1b') in 0.055052 seconds
Number of updated asset objects reloaded before import = 0Number of asset objects unloaded after import = 8

========================================================================
Received Import Request.
  Time since last request: 0.000062 seconds.
  path: Assets/Art/IMPORT/note3_sp.fbx
  artifactKey: Guid(279d68a1f2fe85441be76d8ceaf1a133) Importer(815301076,1909f56bfc062723c751e8b465ee728b)
Start importing Assets/Art/IMPORT/note3_sp.fbx using Guid(279d68a1f2fe85441be76d8ceaf1a133) Importer(815301076,1909f56bfc062723c751e8b465ee728b) (PreviewImporter) -> (artifact id: '45006f1470f475e5e4ee761efe6b8d2d') in 0.0992869 seconds
Number of updated asset objects reloaded before import = 0Number of asset objects unloaded after import = 8

========================================================================
Received Import Request.
  Time since last request: 0.000051 seconds.
  path: Assets/Art/IMPORT/guitar_2_sp.fbx
  artifactKey: Guid(273aa5f5012a6ef48be548595dbc8702) Importer(815301076,1909f56bfc062723c751e8b465ee728b)
Start importing Assets/Art/IMPORT/guitar_2_sp.fbx using Guid(273aa5f5012a6ef48be548595dbc8702) Importer(815301076,1909f56bfc062723c751e8b465ee728b) (PreviewImporter) -> (artifact id: '8f7080f49dbe63f67cab42dd98a0b088') in 0.0974325 seconds
Number of updated asset objects reloaded before import = 0Number of asset objects unloaded after import = 8

========================================================================
Received Import Request.
  Time since last request: 0.000066 seconds.
  path: Assets/Art/IMPORT/Mic_sp.fbx
  artifactKey: Guid(908651bc5f8858f458168883cc8730af) Importer(815301076,1909f56bfc062723c751e8b465ee728b)
Start importing Assets/Art/IMPORT/Mic_sp.fbx using Guid(908651bc5f8858f458168883cc8730af) Importer(815301076,1909f56bfc062723c751e8b465ee728b) (PreviewImporter) -> (artifact id: '3e3526b59208d1d9c914e67863ae5756') in 0.2988194 seconds
Number of updated asset objects reloaded before import = 0Number of asset objects unloaded after import = 55

========================================================================
Received Import Request.
  Time since last request: 0.000043 seconds.
  path: Assets/Art/IMPORT/big_drum1_sp.fbx
  artifactKey: Guid(a7fcd850f69a6b44da7cc3c1edb276ff) Importer(815301076,1909f56bfc062723c751e8b465ee728b)
Start importing Assets/Art/IMPORT/big_drum1_sp.fbx using Guid(a7fcd850f69a6b44da7cc3c1edb276ff) Importer(815301076,1909f56bfc062723c751e8b465ee728b) (PreviewImporter) -> (artifact id: '6d3c2077c5f4c6db00a25d194229622b') in 0.0719265 seconds
Number of updated asset objects reloaded before import = 0Number of asset objects unloaded after import = 8

========================================================================
Received Import Request.
  Time since last request: 0.000059 seconds.
  path: Assets/Art/IMPORT/Amplifier_small1_sp.fbx
  artifactKey: Guid(20771e8fe7e0b1b48b8a3a77b5e33a2d) Importer(815301076,1909f56bfc062723c751e8b465ee728b)
Start importing Assets/Art/IMPORT/Amplifier_small1_sp.fbx using Guid(20771e8fe7e0b1b48b8a3a77b5e33a2d) Importer(815301076,1909f56bfc062723c751e8b465ee728b) (PreviewImporter) -> (artifact id: '21e4e04e57a2d198306d3eafa08586c2') in 0.0678938 seconds
Number of updated asset objects reloaded before import = 0Number of asset objects unloaded after import = 8

========================================================================
Received Import Request.
  Time since last request: 0.000082 seconds.
  path: Assets/Art/3D PREFABS/Synthesizer_sp.prefab
  artifactKey: Guid(f9d7628dd65e40b4693aeede840d5367) Importer(815301076,1909f56bfc062723c751e8b465ee728b)
Start importing Assets/Art/3D PREFABS/Synthesizer_sp.prefab using Guid(f9d7628dd65e40b4693aeede840d5367) Importer(815301076,1909f56bfc062723c751e8b465ee728b) (PreviewImporter) -> (artifact id: '47104583968a070295f308472d2c98b1') in 0.0675867 seconds
Number of updated asset objects reloaded before import = 0Number of asset objects unloaded after import = 606

========================================================================
Received Import Request.
  Time since last request: 0.000063 seconds.
  path: Assets/Art/IMPORT/drum_tall_sp.fbx
  artifactKey: Guid(c5c42389ba194c74685f494294cd98b1) Importer(815301076,1909f56bfc062723c751e8b465ee728b)
Start importing Assets/Art/IMPORT/drum_tall_sp.fbx using Guid(c5c42389ba194c74685f494294cd98b1) Importer(815301076,1909f56bfc062723c751e8b465ee728b) (PreviewImporter) -> (artifact id: 'aa330be77fa0ecb5791d68b90c09726f') in 0.0867944 seconds
Number of updated asset objects reloaded before import = 0Number of asset objects unloaded after import = 8

========================================================================
Received Import Request.
  Time since last request: 0.000056 seconds.
  path: Assets/Art/3D PREFABS/Amplifier_mini2_sp.prefab
  artifactKey: Guid(8feb0679a9455a644843436792c2723e) Importer(815301076,1909f56bfc062723c751e8b465ee728b)
Start importing Assets/Art/3D PREFABS/Amplifier_mini2_sp.prefab using Guid(8feb0679a9455a644843436792c2723e) Importer(815301076,1909f56bfc062723c751e8b465ee728b) (PreviewImporter) -> (artifact id: '295bad2d45e548cfc2735d3598e4c6a9') in 0.0554442 seconds
Number of updated asset objects reloaded before import = 0Number of asset objects unloaded after import = 8

========================================================================
Received Import Request.
  Time since last request: 0.000046 seconds.
  path: Assets/Art/IMPORT/chair_sp.fbx
  artifactKey: Guid(9b2a3a30bf4318542810659c836dd0c8) Importer(815301076,1909f56bfc062723c751e8b465ee728b)
Start importing Assets/Art/IMPORT/chair_sp.fbx using Guid(9b2a3a30bf4318542810659c836dd0c8) Importer(815301076,1909f56bfc062723c751e8b465ee728b) (PreviewImporter) -> (artifact id: '12d2f731c6baec6731c0acfc26de0ce7') in 0.0745236 seconds
Number of updated asset objects reloaded before import = 0Number of asset objects unloaded after import = 8

========================================================================
Received Import Request.
  Time since last request: 0.000088 seconds.
  path: Assets/Art/3D PREFABS/Vinyl_record2_sp.prefab
  artifactKey: Guid(d806e4ec4c424024c880bd235dfe108d) Importer(815301076,1909f56bfc062723c751e8b465ee728b)
Start importing Assets/Art/3D PREFABS/Vinyl_record2_sp.prefab using Guid(d806e4ec4c424024c880bd235dfe108d) Importer(815301076,1909f56bfc062723c751e8b465ee728b) (PreviewImporter) -> (artifact id: '6ec23a1412d7bf73f6f905e83870681a') in 0.0353018 seconds
Number of updated asset objects reloaded before import = 0Number of asset objects unloaded after import = 8

========================================================================
Received Import Request.
  Time since last request: 0.000056 seconds.
  path: Assets/Art/IMPORT/Vinyl_record_sp.fbx
  artifactKey: Guid(48f8d1717669dcf408e7e581e20e6a61) Importer(815301076,1909f56bfc062723c751e8b465ee728b)
Start importing Assets/Art/IMPORT/Vinyl_record_sp.fbx using Guid(48f8d1717669dcf408e7e581e20e6a61) Importer(815301076,1909f56bfc062723c751e8b465ee728b) (PreviewImporter) -> (artifact id: '41becbb8f7e455ed41909fd27fa8d126') in 0.1061935 seconds
Number of updated asset objects reloaded before import = 0Number of asset objects unloaded after import = 15

========================================================================
Received Import Request.
  Time since last request: 0.000059 seconds.
  path: Assets/Art/IMPORT/Amplifier3_sp.fbx
  artifactKey: Guid(c19853096794b004a9954f0dbebb6c3b) Importer(815301076,1909f56bfc062723c751e8b465ee728b)
Start importing Assets/Art/IMPORT/Amplifier3_sp.fbx using Guid(c19853096794b004a9954f0dbebb6c3b) Importer(815301076,1909f56bfc062723c751e8b465ee728b) (PreviewImporter) -> (artifact id: 'd8aad6f1c9568ba9984a32b8fbcae2e3') in 0.0663581 seconds
Number of updated asset objects reloaded before import = 0Number of asset objects unloaded after import = 8

========================================================================
Received Import Request.
  Time since last request: 0.000064 seconds.
  path: Assets/Art/IMPORT/guitar_thing_sp.fbx
  artifactKey: Guid(a18447bae3294ce4683ad892f61ae802) Importer(815301076,1909f56bfc062723c751e8b465ee728b)
Start importing Assets/Art/IMPORT/guitar_thing_sp.fbx using Guid(a18447bae3294ce4683ad892f61ae802) Importer(815301076,1909f56bfc062723c751e8b465ee728b) (PreviewImporter) -> (artifact id: '6805b446bc4155e449fdffbeab4c4090') in 0.0559914 seconds
Number of updated asset objects reloaded before import = 0Number of asset objects unloaded after import = 8

========================================================================
Received Import Request.
  Time since last request: 0.000045 seconds.
  path: Assets/Art/3D PREFABS/couch_sp.prefab
  artifactKey: Guid(1055df34a97b6f94faed26604cba0a06) Importer(815301076,1909f56bfc062723c751e8b465ee728b)
Start importing Assets/Art/3D PREFABS/couch_sp.prefab using Guid(1055df34a97b6f94faed26604cba0a06) Importer(815301076,1909f56bfc062723c751e8b465ee728b) (PreviewImporter) -> (artifact id: '8fafcbdeac7dd6f7844b2a873eb979e1') in 0.05348 seconds
Number of updated asset objects reloaded before import = 0Number of asset objects unloaded after import = 8

========================================================================
Received Import Request.
  Time since last request: 0.000041 seconds.
  path: Assets/Art/3D PREFABS/capret2_sp.prefab
  artifactKey: Guid(6543c3406f0c0be49b6438586f68181a) Importer(815301076,1909f56bfc062723c751e8b465ee728b)
Start importing Assets/Art/3D PREFABS/capret2_sp.prefab using Guid(6543c3406f0c0be49b6438586f68181a) Importer(815301076,1909f56bfc062723c751e8b465ee728b) (PreviewImporter) -> (artifact id: '60d722dcf48185dbfb3e4a8d7129a618') in 0.036585 seconds
Number of updated asset objects reloaded before import = 0Number of asset objects unloaded after import = 8

========================================================================
Received Import Request.
  Time since last request: 0.000071 seconds.
  path: Assets/Art/3D PREFABS/Amplifier_small_sp.prefab
  artifactKey: Guid(6c8438ea1d41dfd49bcce69e7c6f2be7) Importer(815301076,1909f56bfc062723c751e8b465ee728b)
Start importing Assets/Art/3D PREFABS/Amplifier_small_sp.prefab using Guid(6c8438ea1d41dfd49bcce69e7c6f2be7) Importer(815301076,1909f56bfc062723c751e8b465ee728b) (PreviewImporter) -> (artifact id: 'cde2b0cb03ebf4141cba46c8da4a11d1') in 0.0442506 seconds
Number of updated asset objects reloaded before import = 0Number of asset objects unloaded after import = 90

========================================================================
Received Import Request.
  Time since last request: 0.000045 seconds.
  path: Assets/Art/3D PREFABS/Amplifier1_sp.prefab
  artifactKey: Guid(194791d9e81049e4eb2dbf1b82a9381f) Importer(815301076,1909f56bfc062723c751e8b465ee728b)
Start importing Assets/Art/3D PREFABS/Amplifier1_sp.prefab using Guid(194791d9e81049e4eb2dbf1b82a9381f) Importer(815301076,1909f56bfc062723c751e8b465ee728b) (PreviewImporter) -> (artifact id: '908f59a5a4622a8a6657826682a077ec') in 0.063693 seconds
Number of updated asset objects reloaded before import = 0Number of asset objects unloaded after import = 135

========================================================================
Received Import Request.
  Time since last request: 0.000148 seconds.
  path: Assets/Art/IMPORT/Amplifier_small_sp 1.fbx
  artifactKey: Guid(bbc3a87928de7d54b9065d5964ad8fe8) Importer(815301076,1909f56bfc062723c751e8b465ee728b)
Start importing Assets/Art/IMPORT/Amplifier_small_sp 1.fbx using Guid(bbc3a87928de7d54b9065d5964ad8fe8) Importer(815301076,1909f56bfc062723c751e8b465ee728b) (PreviewImporter) -> (artifact id: '3e08e0465b6ba2ba736501f792908cb1') in 0.9264867 seconds
Number of updated asset objects reloaded before import = 0Number of asset objects unloaded after import = 90

========================================================================
Received Import Request.
  Time since last request: 0.000124 seconds.
  path: Assets/Art/IMPORT/lamp1_sp.fbx
  artifactKey: Guid(fb281f4d1b2968d4eb28c54d09f23221) Importer(815301076,1909f56bfc062723c751e8b465ee728b)
Start importing Assets/Art/IMPORT/lamp1_sp.fbx using Guid(fb281f4d1b2968d4eb28c54d09f23221) Importer(815301076,1909f56bfc062723c751e8b465ee728b) (PreviewImporter) -> (artifact id: '6509604b6c20d04020e58edb7cf7ee9a') in 0.1015958 seconds
Number of updated asset objects reloaded before import = 0Number of asset objects unloaded after import = 8

========================================================================
Received Import Request.
  Time since last request: 0.000041 seconds.
  path: Assets/Art/3D PREFABS/guitar_2_sp.prefab
  artifactKey: Guid(ee8ff9cdf44afee4590e707a721043d1) Importer(815301076,1909f56bfc062723c751e8b465ee728b)
Start importing Assets/Art/3D PREFABS/guitar_2_sp.prefab using Guid(ee8ff9cdf44afee4590e707a721043d1) Importer(815301076,1909f56bfc062723c751e8b465ee728b) (PreviewImporter) -> (artifact id: '71c51b4c121ce29e8765997b6ec4e928') in 0.0708684 seconds
Number of updated asset objects reloaded before import = 0Number of asset objects unloaded after import = 8

========================================================================
Received Import Request.
  Time since last request: 0.000344 seconds.
  path: Assets/Art/IMPORT/note2_sp.fbx
  artifactKey: Guid(7bd4661006f18024193a89c79770931f) Importer(815301076,1909f56bfc062723c751e8b465ee728b)
Start importing Assets/Art/IMPORT/note2_sp.fbx using Guid(7bd4661006f18024193a89c79770931f) Importer(815301076,1909f56bfc062723c751e8b465ee728b) (PreviewImporter) -> (artifact id: '7e2ce1298b54b638b5341f9e40a8ba9c') in 0.1119095 seconds
Number of updated asset objects reloaded before import = 0Number of asset objects unloaded after import = 8

========================================================================
Received Import Request.
  Time since last request: 0.000038 seconds.
  path: Assets/Art/3D PREFABS/Tall_thing1_sp (1).prefab
  artifactKey: Guid(1d147ac6d1158bc4da91a1e76d4341e7) Importer(815301076,1909f56bfc062723c751e8b465ee728b)
Start importing Assets/Art/3D PREFABS/Tall_thing1_sp (1).prefab using Guid(1d147ac6d1158bc4da91a1e76d4341e7) Importer(815301076,1909f56bfc062723c751e8b465ee728b) (PreviewImporter) -> (artifact id: 'db1be63b7a11fcca3ff62f74d188228d') in 0.0733838 seconds
Number of updated asset objects reloaded before import = 0Number of asset objects unloaded after import = 8

========================================================================
Received Import Request.
  Time since last request: 0.000107 seconds.
  path: Assets/Art/3D PREFABS/lamp1_sp.prefab
  artifactKey: Guid(2415aa9b200694d45962054eca5b7f3f) Importer(815301076,1909f56bfc062723c751e8b465ee728b)
Start importing Assets/Art/3D PREFABS/lamp1_sp.prefab using Guid(2415aa9b200694d45962054eca5b7f3f) Importer(815301076,1909f56bfc062723c751e8b465ee728b) (PreviewImporter) -> (artifact id: '15de1d9e92ed5310eb10e6676a5e91ce') in 0.0785252 seconds
Number of updated asset objects reloaded before import = 0Number of asset objects unloaded after import = 8

========================================================================
Received Import Request.
  Time since last request: 0.000126 seconds.
  path: Assets/Art/3D PREFABS/big_drum1_sp (1).prefab
  artifactKey: Guid(706bd6b85daefab4e8b69d6368abb7ce) Importer(815301076,1909f56bfc062723c751e8b465ee728b)
Start importing Assets/Art/3D PREFABS/big_drum1_sp (1).prefab using Guid(706bd6b85daefab4e8b69d6368abb7ce) Importer(815301076,1909f56bfc062723c751e8b465ee728b) (PreviewImporter) -> (artifact id: 'ec107a6dca62a5968d230565359a7b2a') in 0.0701237 seconds
Number of updated asset objects reloaded before import = 0Number of asset objects unloaded after import = 8

========================================================================
Received Import Request.
  Time since last request: 0.000094 seconds.
  path: Assets/Art/3D PREFABS/Vinyl_record_sp (1).prefab
  artifactKey: Guid(030829dde361ca4439586df9d48aa0b5) Importer(815301076,1909f56bfc062723c751e8b465ee728b)
Start importing Assets/Art/3D PREFABS/Vinyl_record_sp (1).prefab using Guid(030829dde361ca4439586df9d48aa0b5) Importer(815301076,1909f56bfc062723c751e8b465ee728b) (PreviewImporter) -> (artifact id: 'dfc287393d775340045cafa57fd8e0a8') in 0.0669066 seconds
Number of updated asset objects reloaded before import = 0Number of asset objects unloaded after import = 15

========================================================================
Received Import Request.
  Time since last request: 0.000243 seconds.
  path: Assets/Art/3D PREFABS/sketchpunk_model_decimated.prefab
  artifactKey: Guid(5fbcfc2e6c8659a478f6123f3b0c28a3) Importer(815301076,1909f56bfc062723c751e8b465ee728b)
Start importing Assets/Art/3D PREFABS/sketchpunk_model_decimated.prefab using Guid(5fbcfc2e6c8659a478f6123f3b0c28a3) Importer(815301076,1909f56bfc062723c751e8b465ee728b) (PreviewImporter) -> (artifact id: '278fd3cbd985ed82cc190d46f1bd5886') in 0.0906613 seconds
Number of updated asset objects reloaded before import = 0Number of asset objects unloaded after import = 15

========================================================================
Received Import Request.
  Time since last request: 0.000183 seconds.
  path: Assets/Art/IMPORT/tisss_sp.fbx
  artifactKey: Guid(3184f023a3d5b6e4d97cb75d3b3213c9) Importer(815301076,1909f56bfc062723c751e8b465ee728b)
Start importing Assets/Art/IMPORT/tisss_sp.fbx using Guid(3184f023a3d5b6e4d97cb75d3b3213c9) Importer(815301076,1909f56bfc062723c751e8b465ee728b) (PreviewImporter) -> (artifact id: 'f3a4309bdc98b241a03e92f85706a673') in 0.0925164 seconds
Number of updated asset objects reloaded before import = 0Number of asset objects unloaded after import = 8

========================================================================
Received Import Request.
  Time since last request: 0.000045 seconds.
  path: Assets/Art/3D PREFABS/guitar_3_sp.prefab
  artifactKey: Guid(eb07fd17694c34f43897a4e29ce021fa) Importer(815301076,1909f56bfc062723c751e8b465ee728b)
Start importing Assets/Art/3D PREFABS/guitar_3_sp.prefab using Guid(eb07fd17694c34f43897a4e29ce021fa) Importer(815301076,1909f56bfc062723c751e8b465ee728b) (PreviewImporter) -> (artifact id: '77d6492aa9ec783d1a007158a17084a3') in 0.0810464 seconds
Number of updated asset objects reloaded before import = 0Number of asset objects unloaded after import = 8

========================================================================
Received Import Request.
  Time since last request: 0.000079 seconds.
  path: Assets/Art/IMPORT/laptop_sp.fbx
  artifactKey: Guid(777f9236f6dbb6c4297fc215e2b28730) Importer(815301076,1909f56bfc062723c751e8b465ee728b)
Start importing Assets/Art/IMPORT/laptop_sp.fbx using Guid(777f9236f6dbb6c4297fc215e2b28730) Importer(815301076,1909f56bfc062723c751e8b465ee728b) (PreviewImporter) -> (artifact id: '9bb8aa4f09bee6fa82b4d357ffc987ed') in 0.1062976 seconds
Number of updated asset objects reloaded before import = 0Number of asset objects unloaded after import = 8

========================================================================
Received Import Request.
  Time since last request: 0.000149 seconds.
  path: Assets/Art/IMPORT/desk1_sp.fbx
  artifactKey: Guid(7ecb61646e7cef840a72dc8f66eb770d) Importer(815301076,1909f56bfc062723c751e8b465ee728b)
Start importing Assets/Art/IMPORT/desk1_sp.fbx using Guid(7ecb61646e7cef840a72dc8f66eb770d) Importer(815301076,1909f56bfc062723c751e8b465ee728b) (PreviewImporter) -> (artifact id: '918152566d4fde774003213b36163ee1') in 0.1215802 seconds
Number of updated asset objects reloaded before import = 0Number of asset objects unloaded after import = 8

========================================================================
Received Import Request.
  Time since last request: 0.000052 seconds.
  path: Assets/Art/3D PREFABS/Vinyl_record_sp.prefab
  artifactKey: Guid(7a1468a277537f04ca76551e8bedb7a2) Importer(815301076,1909f56bfc062723c751e8b465ee728b)
Start importing Assets/Art/3D PREFABS/Vinyl_record_sp.prefab using Guid(7a1468a277537f04ca76551e8bedb7a2) Importer(815301076,1909f56bfc062723c751e8b465ee728b) (PreviewImporter) -> (artifact id: '1e45cd485f017b5bdca53968b2dc0a30') in 0.0785627 seconds
Number of updated asset objects reloaded before import = 0Number of asset objects unloaded after import = 15

========================================================================
Received Import Request.
  Time since last request: 0.000051 seconds.
  path: Assets/Art/IMPORT/Mic_sp 1.fbx
  artifactKey: Guid(527191ab3f673154b907795a070d5859) Importer(815301076,1909f56bfc062723c751e8b465ee728b)
Start importing Assets/Art/IMPORT/Mic_sp 1.fbx using Guid(527191ab3f673154b907795a070d5859) Importer(815301076,1909f56bfc062723c751e8b465ee728b) (PreviewImporter) -> (artifact id: 'c0ff2b9b1ed1d80f4d2c0d06febf3325') in 0.6132657 seconds
Number of updated asset objects reloaded before import = 0Number of asset objects unloaded after import = 55

========================================================================
Received Import Request.
  Time since last request: 0.000060 seconds.
  path: Assets/Art/IMPORT/Amplifier1_sp.fbx
  artifactKey: Guid(9d41a8ae00a73f541a4430b819d31e62) Importer(815301076,1909f56bfc062723c751e8b465ee728b)
Start importing Assets/Art/IMPORT/Amplifier1_sp.fbx using Guid(9d41a8ae00a73f541a4430b819d31e62) Importer(815301076,1909f56bfc062723c751e8b465ee728b) (PreviewImporter) -> (artifact id: 'e61542a02a52c4d6ef65bddfc83d0235') in 0.9099795 seconds
Number of updated asset objects reloaded before import = 0Number of asset objects unloaded after import = 135

========================================================================
Received Import Request.
  Time since last request: 0.000050 seconds.
  path: Assets/Art/3D PREFABS/cd_close1_sp (1).prefab
  artifactKey: Guid(6da07487906f25f4988826575e7e0d54) Importer(815301076,1909f56bfc062723c751e8b465ee728b)
Start importing Assets/Art/3D PREFABS/cd_close1_sp (1).prefab using Guid(6da07487906f25f4988826575e7e0d54) Importer(815301076,1909f56bfc062723c751e8b465ee728b) (PreviewImporter) -> (artifact id: '769553f0a1e161e0373990dc7c5aaaae') in 0.053075 seconds
Number of updated asset objects reloaded before import = 0Number of asset objects unloaded after import = 9

========================================================================
Received Import Request.
  Time since last request: 0.000119 seconds.
  path: Assets/Art/IMPORT/cd2_sp.fbx
  artifactKey: Guid(36dc72faa5e614b499d7ed95c8ac2f28) Importer(815301076,1909f56bfc062723c751e8b465ee728b)
Start importing Assets/Art/IMPORT/cd2_sp.fbx using Guid(36dc72faa5e614b499d7ed95c8ac2f28) Importer(815301076,1909f56bfc062723c751e8b465ee728b) (PreviewImporter) -> (artifact id: '77951372ee0ce88a32b6d3bf364e6f7e') in 0.0938748 seconds
Number of updated asset objects reloaded before import = 0Number of asset objects unloaded after import = 8

========================================================================
Received Import Request.
  Time since last request: 0.000056 seconds.
  path: Assets/Art/3D PREFABS/Mic_sp.prefab
  artifactKey: Guid(e6b789183aaa87b43a76c47edb68f1c7) Importer(815301076,1909f56bfc062723c751e8b465ee728b)
Start importing Assets/Art/3D PREFABS/Mic_sp.prefab using Guid(e6b789183aaa87b43a76c47edb68f1c7) Importer(815301076,1909f56bfc062723c751e8b465ee728b) (PreviewImporter) -> (artifact id: '4cc2dc11c0b6d78b6682357046ef1949') in 0.0465161 seconds
Number of updated asset objects reloaded before import = 0Number of asset objects unloaded after import = 55

========================================================================
Received Import Request.
  Time since last request: 0.000055 seconds.
  path: Assets/Art/3D PREFABS/dj1_sp (1).prefab
  artifactKey: Guid(bdb6864031bdafb42ab07e68c592d8fa) Importer(815301076,1909f56bfc062723c751e8b465ee728b)
Start importing Assets/Art/3D PREFABS/dj1_sp (1).prefab using Guid(bdb6864031bdafb42ab07e68c592d8fa) Importer(815301076,1909f56bfc062723c751e8b465ee728b) (PreviewImporter) -> (artifact id: '5093a3b187191be2ac7618dc18b3bf35') in 0.0739951 seconds
Number of updated asset objects reloaded before import = 0Number of asset objects unloaded after import = 8

========================================================================
Received Import Request.
  Time since last request: 0.000047 seconds.
  path: Assets/Art/3D PREFABS/recor_player1_sp (1).prefab
  artifactKey: Guid(46aec97315f8d4443a955824dd227368) Importer(815301076,1909f56bfc062723c751e8b465ee728b)
Start importing Assets/Art/3D PREFABS/recor_player1_sp (1).prefab using Guid(46aec97315f8d4443a955824dd227368) Importer(815301076,1909f56bfc062723c751e8b465ee728b) (PreviewImporter) -> (artifact id: '6328adbe2025bd6507c9a7b15e9d1e7e') in 0.0617278 seconds
Number of updated asset objects reloaded before import = 0Number of asset objects unloaded after import = 8

========================================================================
Received Import Request.
  Time since last request: 0.000050 seconds.
  path: Assets/Art/IMPORT/wall_sp.fbx
  artifactKey: Guid(8679a0b222277454da21166656a69fc8) Importer(815301076,1909f56bfc062723c751e8b465ee728b)
Start importing Assets/Art/IMPORT/wall_sp.fbx using Guid(8679a0b222277454da21166656a69fc8) Importer(815301076,1909f56bfc062723c751e8b465ee728b) (PreviewImporter) -> (artifact id: '44ba8e34f34702f46cac46ed4400c57f') in 0.1162189 seconds
Number of updated asset objects reloaded before import = 0Number of asset objects unloaded after import = 8

========================================================================
Received Import Request.
  Time since last request: 0.000050 seconds.
  path: Assets/Art/IMPORT/guitar_1_sp.fbx
  artifactKey: Guid(d9e554ec04604e84f87ec1f6a207d575) Importer(815301076,1909f56bfc062723c751e8b465ee728b)
Start importing Assets/Art/IMPORT/guitar_1_sp.fbx using Guid(d9e554ec04604e84f87ec1f6a207d575) Importer(815301076,1909f56bfc062723c751e8b465ee728b) (PreviewImporter) -> (artifact id: '5d306831eac2b62fabb765673f28ab94') in 0.1039366 seconds
Number of updated asset objects reloaded before import = 0Number of asset objects unloaded after import = 8

========================================================================
Received Import Request.
  Time since last request: 0.000055 seconds.
  path: Assets/Art/IMPORT/drum_fat_sp.fbx
  artifactKey: Guid(bff43361c5600f9409e16fecccfac468) Importer(815301076,1909f56bfc062723c751e8b465ee728b)
Start importing Assets/Art/IMPORT/drum_fat_sp.fbx using Guid(bff43361c5600f9409e16fecccfac468) Importer(815301076,1909f56bfc062723c751e8b465ee728b) (PreviewImporter) -> (artifact id: '65f730e5d7b6f1d229038fdf306a0548') in 0.1048146 seconds
Number of updated asset objects reloaded before import = 0Number of asset objects unloaded after import = 8

========================================================================
Received Import Request.
  Time since last request: 0.000044 seconds.
  path: Assets/Art/IMPORT/Synthesizer2_sp.fbx
  artifactKey: Guid(0bec20cc230edb04298c077daf5932a3) Importer(815301076,1909f56bfc062723c751e8b465ee728b)
Start importing Assets/Art/IMPORT/Synthesizer2_sp.fbx using Guid(0bec20cc230edb04298c077daf5932a3) Importer(815301076,1909f56bfc062723c751e8b465ee728b) (PreviewImporter) -> (artifact id: 'cc6d688d28561bfbde7c456ad677ab8d') in 0.1100049 seconds
Number of updated asset objects reloaded before import = 0Number of asset objects unloaded after import = 8

========================================================================
Received Import Request.
  Time since last request: 0.000068 seconds.
  path: Assets/Art/3D PREFABS/guitar_1_sp.prefab
  artifactKey: Guid(29495e6fd5b9d6f45ab650c858465808) Importer(815301076,1909f56bfc062723c751e8b465ee728b)
Start importing Assets/Art/3D PREFABS/guitar_1_sp.prefab using Guid(29495e6fd5b9d6f45ab650c858465808) Importer(815301076,1909f56bfc062723c751e8b465ee728b) (PreviewImporter) -> (artifact id: '33f41d63e5fc14c6cc401e76652f176b') in 0.0744889 seconds
Number of updated asset objects reloaded before import = 0Number of asset objects unloaded after import = 8

========================================================================
Received Import Request.
  Time since last request: 0.000146 seconds.
  path: Assets/Art/3D PREFABS/laptop_sp.prefab
  artifactKey: Guid(f40db63084eda5d44bfd3c3009064642) Importer(815301076,1909f56bfc062723c751e8b465ee728b)
Start importing Assets/Art/3D PREFABS/laptop_sp.prefab using Guid(f40db63084eda5d44bfd3c3009064642) Importer(815301076,1909f56bfc062723c751e8b465ee728b) (PreviewImporter) -> (artifact id: '6bfd3bab7c57dc81c6dfa80872cc378c') in 0.0664843 seconds
Number of updated asset objects reloaded before import = 0Number of asset objects unloaded after import = 8

========================================================================
Received Import Request.
  Time since last request: 0.000247 seconds.
  path: Assets/Art/3D PREFABS/drum_seat_sp (1).prefab
  artifactKey: Guid(2c3f3cbdbb60d7f4ea44387d341112a9) Importer(815301076,1909f56bfc062723c751e8b465ee728b)
Start importing Assets/Art/3D PREFABS/drum_seat_sp (1).prefab using Guid(2c3f3cbdbb60d7f4ea44387d341112a9) Importer(815301076,1909f56bfc062723c751e8b465ee728b) (PreviewImporter) -> (artifact id: '54886b03c6ef2f15d0c84bdfa03a8c89') in 0.0650442 seconds
Number of updated asset objects reloaded before import = 0Number of asset objects unloaded after import = 8

========================================================================
Received Import Request.
  Time since last request: 0.000105 seconds.
  path: Assets/Art/IMPORT/cd_close1_sp.fbx
  artifactKey: Guid(0eeacc02b0ef1a045b2a655619d7f5c1) Importer(815301076,1909f56bfc062723c751e8b465ee728b)
Start importing Assets/Art/IMPORT/cd_close1_sp.fbx using Guid(0eeacc02b0ef1a045b2a655619d7f5c1) Importer(815301076,1909f56bfc062723c751e8b465ee728b) (PreviewImporter) -> (artifact id: 'ce13483da0eb0eac15f45a05af8ae82c') in 0.140359 seconds
Number of updated asset objects reloaded before import = 0Number of asset objects unloaded after import = 8

========================================================================
Received Import Request.
  Time since last request: 0.000220 seconds.
  path: Assets/Art/IMPORT/sketchbook1_sp.fbx
  artifactKey: Guid(a9e4103540492944ab620795dc217e43) Importer(815301076,1909f56bfc062723c751e8b465ee728b)
Start importing Assets/Art/IMPORT/sketchbook1_sp.fbx using Guid(a9e4103540492944ab620795dc217e43) Importer(815301076,1909f56bfc062723c751e8b465ee728b) (PreviewImporter) -> (artifact id: '192ea96698f1f049442bdf422f0e455d') in 0.1247276 seconds
Number of updated asset objects reloaded before import = 0Number of asset objects unloaded after import = 8

========================================================================
Received Import Request.
  Time since last request: 0.000054 seconds.
  path: Assets/Art/3D PREFABS/note1_sp.prefab
  artifactKey: Guid(c1176b257a8ed5542b8b47e4a87a136e) Importer(815301076,1909f56bfc062723c751e8b465ee728b)
Start importing Assets/Art/3D PREFABS/note1_sp.prefab using Guid(c1176b257a8ed5542b8b47e4a87a136e) Importer(815301076,1909f56bfc062723c751e8b465ee728b) (PreviewImporter) -> (artifact id: '854fa456f68b0137635c92a2ce62e064') in 0.0656404 seconds
Number of updated asset objects reloaded before import = 0Number of asset objects unloaded after import = 8

========================================================================
Received Import Request.
  Time since last request: 0.000170 seconds.
  path: Assets/Art/IMPORT/pisss_sp.fbx
  artifactKey: Guid(bf0168a237b241c419d5f68022323e33) Importer(815301076,1909f56bfc062723c751e8b465ee728b)
Start importing Assets/Art/IMPORT/pisss_sp.fbx using Guid(bf0168a237b241c419d5f68022323e33) Importer(815301076,1909f56bfc062723c751e8b465ee728b) (PreviewImporter) -> (artifact id: '9068324de7a67918b6e9db75b5420c40') in 0.1071174 seconds
Number of updated asset objects reloaded before import = 0Number of asset objects unloaded after import = 8

========================================================================
Received Import Request.
  Time since last request: 0.000046 seconds.
  path: Assets/Art/IMPORT/Piano_keys_sp 1.fbx
  artifactKey: Guid(957fd791e1644294ea03fb3711ec42e4) Importer(815301076,1909f56bfc062723c751e8b465ee728b)
Start importing Assets/Art/IMPORT/Piano_keys_sp 1.fbx using Guid(957fd791e1644294ea03fb3711ec42e4) Importer(815301076,1909f56bfc062723c751e8b465ee728b) (PreviewImporter) -> (artifact id: '4914414cf6e313b3aa106433a6b419f9') in 2.0329665 seconds
Number of updated asset objects reloaded before import = 0Number of asset objects unloaded after import = 230

Editor requested this worker to shutdown with reason: Scaling down because of idle timeout
AssetImportWorker is now disconnected from the server
Process exiting
Exiting without the bug reporter. Application will terminate with return code 0